<<<<<<< Updated upstream
2026-04-02 15:07:05:75 [info] Server running in development mode on port 5000
2026-04-02 15:07:05:75 [info] 🎯 Job Processor Initialized
2026-04-02 15:07:06:76 [warn] Background Job system (Email) is offline (No local Redis detected).
2026-04-02 15:07:06:76 [warn] Background Job system (Scheduler) is offline (No local Redis detected).
2026-04-02 15:07:06:76 [warn] Redis Cache system is offline (No local Redis detected). Main functionality is unaffected.
2026-04-02 15:16:18:1618 [info] Server running in development mode on port 5000
2026-04-02 15:16:18:1618 [info] 🎯 Job Processor Initialized
2026-04-02 15:16:18:1618 [warn] Background Job system (Email) is offline (No local Redis detected).
2026-04-02 15:16:18:1618 [warn] Redis Cache system is offline (No local Redis detected). Main functionality is unaffected.
2026-04-02 15:16:18:1618 [warn] Background Job system (Scheduler) is offline (No local Redis detected).
2026-04-02 15:17:25:1725 [info] Server running in development mode on port 5000
2026-04-02 15:17:25:1725 [info] 🎯 Job Processor Initialized
2026-04-02 15:17:25:1725 [warn] Background Job system (Scheduler) is offline (No local Redis detected).
2026-04-02 15:17:25:1725 [warn] Background Job system (Email) is offline (No local Redis detected).
2026-04-02 15:17:25:1725 [warn] Redis Cache system is offline (No local Redis detected). Main functionality is unaffected.
2026-04-02 15:18:09:189 [info] Server running in development mode on port 5000
2026-04-02 15:18:09:189 [info] 🎯 Job Processor Initialized
2026-04-02 15:18:09:189 [warn] Background Job system (Scheduler) is offline (No local Redis detected).
2026-04-02 15:18:09:189 [warn] Redis Cache system is offline (No local Redis detected). Main functionality is unaffected.
2026-04-02 15:18:09:189 [warn] Background Job system (Email) is offline (No local Redis detected).
2026-04-02 15:19:23:1923 [info] Server running in development mode on port 5000
2026-04-02 15:19:23:1923 [info] 🎯 Job Processor Initialized
2026-04-02 15:19:23:1923 [warn] Background Job system (Scheduler) is offline (No local Redis detected).
2026-04-02 15:19:23:1923 [warn] Background Job system (Email) is offline (No local Redis detected).
2026-04-02 15:19:23:1923 [warn] Redis Cache system is offline (No local Redis detected). Main functionality is unaffected.
2026-04-02 15:20:38:2038 [info] Server running in development mode on port 5000
2026-04-02 15:20:38:2038 [info] 🎯 Job Processor Initialized
2026-04-02 15:20:38:2038 [warn] Background Job system (Scheduler) is offline (No local Redis detected).
2026-04-02 15:20:38:2038 [warn] Redis Cache system is offline (No local Redis detected). Main functionality is unaffected.
2026-04-02 15:20:38:2038 [warn] Background Job system (Email) is offline (No local Redis detected).
=======
2026-04-02 11:56:15:5615 [info] Server running in development mode on port 5000
2026-04-02 11:56:15:5615 [info] 🎯 Job Processor Initialized
2026-04-02 11:56:15:5615 [warn] Background Job system (Scheduler) is offline (No local Redis detected).
2026-04-02 11:56:15:5615 [warn] Redis Cache system is offline (No local Redis detected). Main functionality is unaffected.
2026-04-02 11:56:15:5615 [warn] Background Job system (Email) is offline (No local Redis detected).
>>>>>>> Stashed changes
