<<<<<<< Updated upstream
2026-04-02 15:07:06:76 [warn] Background Job system (Email) is offline (No local Redis detected).
2026-04-02 15:07:06:76 [warn] Background Job system (Scheduler) is offline (No local Redis detected).
2026-04-02 15:07:06:76 [warn] Redis Cache system is offline (No local Redis detected). Main functionality is unaffected.
2026-04-02 15:16:18:1618 [warn] Background Job system (Email) is offline (No local Redis detected).
2026-04-02 15:16:18:1618 [warn] Redis Cache system is offline (No local Redis detected). Main functionality is unaffected.
2026-04-02 15:16:18:1618 [warn] Background Job system (Scheduler) is offline (No local Redis detected).
2026-04-02 15:17:25:1725 [warn] Background Job system (Scheduler) is offline (No local Redis detected).
2026-04-02 15:17:25:1725 [warn] Background Job system (Email) is offline (No local Redis detected).
2026-04-02 15:17:25:1725 [warn] Redis Cache system is offline (No local Redis detected). Main functionality is unaffected.
2026-04-02 15:18:09:189 [warn] Background Job system (Scheduler) is offline (No local Redis detected).
2026-04-02 15:18:09:189 [warn] Redis Cache system is offline (No local Redis detected). Main functionality is unaffected.
2026-04-02 15:18:09:189 [warn] Background Job system (Email) is offline (No local Redis detected).
2026-04-02 15:19:23:1923 [warn] Background Job system (Scheduler) is offline (No local Redis detected).
2026-04-02 15:19:23:1923 [warn] Background Job system (Email) is offline (No local Redis detected).
2026-04-02 15:19:23:1923 [warn] Redis Cache system is offline (No local Redis detected). Main functionality is unaffected.
2026-04-02 15:20:38:2038 [warn] Background Job system (Scheduler) is offline (No local Redis detected).
2026-04-02 15:20:38:2038 [warn] Redis Cache system is offline (No local Redis detected). Main functionality is unaffected.
2026-04-02 15:20:38:2038 [warn] Background Job system (Email) is offline (No local Redis detected).
=======
2026-04-02 11:56:15:5615 [warn] Background Job system (Scheduler) is offline (No local Redis detected).
2026-04-02 11:56:15:5615 [warn] Redis Cache system is offline (No local Redis detected). Main functionality is unaffected.
2026-04-02 11:56:15:5615 [warn] Background Job system (Email) is offline (No local Redis detected).
>>>>>>> Stashed changes
2026-04-02 15:47:44:4744 [warn] Redis Cache system is offline (No local Redis detected). Main functionality is unaffected.
2026-04-02 15:52:41:5241 [warn] Background Job system (Email) is offline (No local Redis detected).
2026-04-02 15:52:41:5241 [warn] Background Job system (Scheduler) is offline (No local Redis detected).
2026-04-02 16:05:47:547 [warn] Background Job system (Scheduler) is offline (No local Redis detected).
2026-04-02 16:05:47:547 [warn] Background Job system (Email) is offline (No local Redis detected).
2026-04-02 16:05:47:547 [warn] Redis Cache system is offline (No local Redis detected). Main functionality is unaffected.
2026-04-03 10:18:48:1848 [warn] Background Job system (Scheduler) is offline (No local Redis detected).
2026-04-03 10:18:48:1848 [warn] Redis Cache system is offline (No local Redis detected). Main functionality is unaffected.
2026-04-03 10:18:48:1848 [warn] Background Job system (Email) is offline (No local Redis detected).
2026-04-03 10:27:01:271 [warn] Background Job system (Scheduler) is offline (No local Redis detected).
2026-04-03 10:27:01:271 [warn] Redis Cache system is offline (No local Redis detected). Main functionality is unaffected.
2026-04-03 10:27:01:271 [warn] Background Job system (Email) is offline (No local Redis detected).
2026-04-03 10:27:21:2721 [warn] Background Job system (Email) is offline (No local Redis detected).
2026-04-03 10:27:21:2721 [warn] Background Job system (Scheduler) is offline (No local Redis detected).
2026-04-03 10:27:21:2721 [warn] Redis Cache system is offline (No local Redis detected). Main functionality is unaffected.
2026-04-03 10:28:12:2812 [warn] Background Job system (Email) is offline (No local Redis detected).
2026-04-03 10:28:12:2812 [warn] Background Job system (Scheduler) is offline (No local Redis detected).
2026-04-03 10:28:12:2812 [warn] Redis Cache system is offline (No local Redis detected). Main functionality is unaffected.
2026-04-03 10:36:58:3658 [warn] Background Job system (Scheduler) is offline (No local Redis detected).
2026-04-03 10:36:58:3658 [warn] Redis Cache system is offline (No local Redis detected). Main functionality is unaffected.
2026-04-03 10:36:58:3658 [warn] Background Job system (Email) is offline (No local Redis detected).
2026-04-03 10:37:45:3745 [warn] Background Job system (Scheduler) is offline (No local Redis detected).
2026-04-03 10:37:45:3745 [warn] Background Job system (Email) is offline (No local Redis detected).
2026-04-03 10:37:45:3745 [warn] Redis Cache system is offline (No local Redis detected). Main functionality is unaffected.
2026-04-03 10:40:30:4030 [warn] Background Job system (Scheduler) is offline (No local Redis detected).
2026-04-03 10:40:30:4030 [warn] Background Job system (Email) is offline (No local Redis detected).
2026-04-03 10:40:30:4030 [warn] Redis Cache system is offline (No local Redis detected). Main functionality is unaffected.
2026-04-03 10:46:50:4650 [warn] Background Job system (Email) is offline (No local Redis detected).
2026-04-03 10:46:50:4650 [warn] Redis Cache system is offline (No local Redis detected). Main functionality is unaffected.
2026-04-03 10:46:50:4650 [warn] Background Job system (Scheduler) is offline (No local Redis detected).
2026-04-03 10:50:14:5014 [warn] Background Job system (Email) is offline (No local Redis detected).
2026-04-03 10:50:14:5014 [warn] Redis Cache system is offline (No local Redis detected). Main functionality is unaffected.
2026-04-03 10:50:14:5014 [warn] Background Job system (Scheduler) is offline (No local Redis detected).
2026-04-03 10:50:42:5042 [warn] Background Job system (Scheduler) is offline (No local Redis detected).
2026-04-03 10:50:42:5042 [warn] Background Job system (Email) is offline (No local Redis detected).
2026-04-03 10:50:42:5042 [warn] Redis Cache system is offline (No local Redis detected). Main functionality is unaffected.
2026-04-03 10:51:05:515 [warn] Background Job system (Email) is offline (No local Redis detected).
2026-04-03 10:51:05:515 [warn] Background Job system (Scheduler) is offline (No local Redis detected).
2026-04-03 10:51:05:515 [warn] Redis Cache system is offline (No local Redis detected). Main functionality is unaffected.
2026-04-03 11:03:04:34 [warn] Background Job system (Email) is offline (No local Redis detected).
2026-04-03 11:03:04:34 [warn] Background Job system (Scheduler) is offline (No local Redis detected).
2026-04-03 11:03:04:34 [warn] Redis Cache system is offline (No local Redis detected). Main functionality is unaffected.
2026-04-03 11:03:11:311 [warn] Background Job system (Scheduler) is offline (No local Redis detected).
2026-04-03 11:03:11:311 [warn] Background Job system (Email) is offline (No local Redis detected).
2026-04-03 11:03:11:311 [warn] Redis Cache system is offline (No local Redis detected). Main functionality is unaffected.
2026-04-03 11:03:24:324 [warn] Background Job system (Scheduler) is offline (No local Redis detected).
2026-04-03 11:03:24:324 [warn] Background Job system (Email) is offline (No local Redis detected).
2026-04-03 11:03:24:324 [warn] Redis Cache system is offline (No local Redis detected). Main functionality is unaffected.
2026-04-03 11:03:38:338 [warn] Background Job system (Email) is offline (No local Redis detected).
2026-04-03 11:03:38:338 [warn] Background Job system (Scheduler) is offline (No local Redis detected).
2026-04-03 11:03:38:338 [warn] Redis Cache system is offline (No local Redis detected). Main functionality is unaffected.
2026-04-03 11:04:02:42 [warn] Background Job system (Email) is offline (No local Redis detected).
2026-04-03 11:04:02:42 [warn] Redis Cache system is offline (No local Redis detected). Main functionality is unaffected.
2026-04-03 11:04:02:42 [warn] Background Job system (Scheduler) is offline (No local Redis detected).
2026-04-03 11:04:11:411 [warn] Background Job system (Scheduler) is offline (No local Redis detected).
2026-04-03 11:04:11:411 [warn] Background Job system (Email) is offline (No local Redis detected).
2026-04-03 11:04:11:411 [warn] Redis Cache system is offline (No local Redis detected). Main functionality is unaffected.
2026-04-03 11:42:38:4238 [warn] Background Job system (Email) is offline (No local Redis detected).
2026-04-03 11:42:38:4238 [warn] Redis Cache system is offline (No local Redis detected). Main functionality is unaffected.
2026-04-03 11:42:38:4238 [warn] Background Job system (Scheduler) is offline (No local Redis detected).
2026-04-03 11:42:59:4259 [warn] Background Job system (Scheduler) is offline (No local Redis detected).
2026-04-03 11:42:59:4259 [warn] Redis Cache system is offline (No local Redis detected). Main functionality is unaffected.
2026-04-03 11:42:59:4259 [warn] Background Job system (Email) is offline (No local Redis detected).
2026-04-03 11:43:31:4331 [warn] Background Job system (Scheduler) is offline (No local Redis detected).
2026-04-03 11:43:31:4331 [warn] Background Job system (Email) is offline (No local Redis detected).
2026-04-03 11:43:31:4331 [warn] Redis Cache system is offline (No local Redis detected). Main functionality is unaffected.
2026-04-03 11:46:51:4651 [warn] Background Job system (Scheduler) is offline (No local Redis detected).
2026-04-03 11:46:51:4651 [warn] Background Job system (Email) is offline (No local Redis detected).
2026-04-03 11:46:51:4651 [warn] Redis Cache system is offline (No local Redis detected). Main functionality is unaffected.
2026-04-03 11:50:02:502 [warn] Background Job system (Scheduler) is offline (No local Redis detected).
2026-04-03 11:50:02:502 [warn] Redis Cache system is offline (No local Redis detected). Main functionality is unaffected.
2026-04-03 11:50:02:502 [warn] Background Job system (Email) is offline (No local Redis detected).
2026-04-03 11:53:04:534 [warn] Background Job system (Email) is offline (No local Redis detected).
2026-04-03 11:53:04:534 [warn] Redis Cache system is offline (No local Redis detected). Main functionality is unaffected.
2026-04-03 11:53:04:534 [warn] Background Job system (Scheduler) is offline (No local Redis detected).
2026-04-03 11:58:51:5851 [warn] Background Job system (Scheduler) is offline (No local Redis detected).
2026-04-03 11:58:51:5851 [warn] Redis Cache system is offline (No local Redis detected). Main functionality is unaffected.
2026-04-03 11:58:51:5851 [warn] Background Job system (Email) is offline (No local Redis detected).
2026-04-03 12:01:48:148 [warn] Background Job system (Scheduler) is offline (No local Redis detected).
2026-04-03 12:01:48:148 [warn] Redis Cache system is offline (No local Redis detected). Main functionality is unaffected.
2026-04-03 12:01:48:148 [warn] Background Job system (Email) is offline (No local Redis detected).
2026-04-03 12:42:08:428 [warn] Background Job system (Scheduler) is offline (No local Redis detected).
2026-04-03 12:42:08:428 [warn] Redis Cache system is offline (No local Redis detected). Main functionality is unaffected.
2026-04-03 12:42:08:428 [warn] Background Job system (Email) is offline (No local Redis detected).
2026-04-03 12:51:24:5124 [warn] Background Job system (Email) is offline (No local Redis detected).
2026-04-03 12:51:24:5124 [warn] Background Job system (Scheduler) is offline (No local Redis detected).
2026-04-03 12:51:24:5124 [warn] Redis Cache system is offline (No local Redis detected). Main functionality is unaffected.
2026-04-03 12:57:30:5730 [warn] Background Job system (Scheduler) is offline (No local Redis detected).
2026-04-03 12:57:30:5730 [warn] Redis Cache system is offline (No local Redis detected). Main functionality is unaffected.
2026-04-03 12:57:30:5730 [warn] Background Job system (Email) is offline (No local Redis detected).
2026-04-03 14:29:21:2921 [warn] Background Job system (Email) is offline (No local Redis detected).
2026-04-03 14:29:21:2921 [warn] Redis Cache system is offline (No local Redis detected). Main functionality is unaffected.
2026-04-03 14:29:21:2921 [warn] Background Job system (Scheduler) is offline (No local Redis detected).
2026-04-03 14:29:46:2946 [warn] Background Job system (Scheduler) is offline (No local Redis detected).
2026-04-03 14:29:46:2946 [warn] Background Job system (Email) is offline (No local Redis detected).
2026-04-03 14:29:46:2946 [warn] Redis Cache system is offline (No local Redis detected). Main functionality is unaffected.
2026-04-03 14:40:12:4012 [warn] Background Job system (Email) is offline (No local Redis detected).
2026-04-03 14:40:12:4012 [warn] Redis Cache system is offline (No local Redis detected). Main functionality is unaffected.
2026-04-03 14:40:12:4012 [warn] Background Job system (Scheduler) is offline (No local Redis detected).
2026-04-03 14:40:30:4030 [warn] Background Job system (Scheduler) is offline (No local Redis detected).
2026-04-03 14:40:30:4030 [warn] Background Job system (Email) is offline (No local Redis detected).
2026-04-03 14:40:30:4030 [warn] Redis Cache system is offline (No local Redis detected). Main functionality is unaffected.
2026-04-03 14:42:10:4210 [warn] Background Job system (Email) is offline (No local Redis detected).
2026-04-03 14:42:10:4210 [warn] Redis Cache system is offline (No local Redis detected). Main functionality is unaffected.
2026-04-03 14:42:10:4210 [warn] Background Job system (Scheduler) is offline (No local Redis detected).
2026-04-03 14:42:57:4257 [warn] Background Job system (Email) is offline (No local Redis detected).
2026-04-03 14:42:57:4257 [warn] Redis Cache system is offline (No local Redis detected). Main functionality is unaffected.
2026-04-03 14:42:57:4257 [warn] Background Job system (Scheduler) is offline (No local Redis detected).
2026-04-03 14:43:36:4336 [warn] Background Job system (Email) is offline (No local Redis detected).
2026-04-03 14:43:36:4336 [warn] Background Job system (Scheduler) is offline (No local Redis detected).
2026-04-03 14:43:36:4336 [warn] Redis Cache system is offline (No local Redis detected). Main functionality is unaffected.
2026-04-03 14:46:19:4619 [warn] Background Job system (Scheduler) is offline (No local Redis detected).
2026-04-03 14:46:19:4619 [warn] Background Job system (Email) is offline (No local Redis detected).
2026-04-03 14:46:19:4619 [warn] Redis Cache system is offline (No local Redis detected). Main functionality is unaffected.
2026-04-03 14:54:00:540 [warn] Background Job system (Scheduler) is offline (No local Redis detected).
2026-04-03 14:54:00:540 [warn] Redis Cache system is offline (No local Redis detected). Main functionality is unaffected.
2026-04-03 14:54:00:540 [warn] Background Job system (Email) is offline (No local Redis detected).
2026-04-03 14:54:24:5424 [warn] Background Job system (Email) is offline (No local Redis detected).
2026-04-03 14:54:24:5424 [warn] Redis Cache system is offline (No local Redis detected). Main functionality is unaffected.
2026-04-03 14:54:24:5424 [warn] Background Job system (Scheduler) is offline (No local Redis detected).
2026-04-03 15:00:37:037 [warn] Background Job system (Scheduler) is offline (No local Redis detected).
2026-04-03 15:00:37:037 [warn] Redis Cache system is offline (No local Redis detected). Main functionality is unaffected.
2026-04-03 15:00:37:037 [warn] Background Job system (Email) is offline (No local Redis detected).
2026-04-03 15:00:49:049 [warn] Background Job system (Scheduler) is offline (No local Redis detected).
2026-04-03 15:00:49:049 [warn] Redis Cache system is offline (No local Redis detected). Main functionality is unaffected.
2026-04-03 15:00:49:049 [warn] Background Job system (Email) is offline (No local Redis detected).
2026-04-03 15:01:11:111 [warn] Background Job system (Email) is offline (No local Redis detected).
2026-04-03 15:01:11:111 [warn] Background Job system (Scheduler) is offline (No local Redis detected).
2026-04-03 15:01:11:111 [warn] Redis Cache system is offline (No local Redis detected). Main functionality is unaffected.
2026-04-03 15:02:46:246 [warn] Background Job system (Scheduler) is offline (No local Redis detected).
2026-04-03 15:02:46:246 [warn] Redis Cache system is offline (No local Redis detected). Main functionality is unaffected.
2026-04-03 15:02:46:246 [warn] Background Job system (Email) is offline (No local Redis detected).
2026-04-03 15:08:01:81 [warn] Background Job system (Email) is offline (No local Redis detected).
2026-04-03 15:08:01:81 [warn] Redis Cache system is offline (No local Redis detected). Main functionality is unaffected.
2026-04-03 15:08:01:81 [warn] Background Job system (Scheduler) is offline (No local Redis detected).
2026-04-03 15:08:15:815 [warn] Background Job system (Scheduler) is offline (No local Redis detected).
2026-04-03 15:08:15:815 [warn] Redis Cache system is offline (No local Redis detected). Main functionality is unaffected.
2026-04-03 15:08:15:815 [warn] Background Job system (Email) is offline (No local Redis detected).
2026-04-03 15:19:28:1928 [warn] Background Job system (Scheduler) is offline (No local Redis detected).
2026-04-03 15:19:28:1928 [warn] Background Job system (Email) is offline (No local Redis detected).
2026-04-03 15:19:28:1928 [warn] Redis Cache system is offline (No local Redis detected). Main functionality is unaffected.
2026-04-03 15:22:42:2242 [warn] Background Job system (Scheduler) is offline (No local Redis detected).
2026-04-03 15:22:42:2242 [warn] Redis Cache system is offline (No local Redis detected). Main functionality is unaffected.
2026-04-03 15:22:42:2242 [warn] Background Job system (Email) is offline (No local Redis detected).
2026-04-03 15:23:00:230 [warn] Background Job system (Scheduler) is offline (No local Redis detected).
2026-04-03 15:23:00:230 [warn] Redis Cache system is offline (No local Redis detected). Main functionality is unaffected.
2026-04-03 15:23:00:230 [warn] Background Job system (Email) is offline (No local Redis detected).
2026-04-03 16:26:07:267 [warn] Redis Cache system is offline (No local Redis detected). Main functionality is unaffected.
2026-04-03 16:26:07:267 [warn] Background Job system (Scheduler) is offline (No local Redis detected).
2026-04-03 16:26:07:267 [warn] Background Job system (Email) is offline (No local Redis detected).
2026-04-03 16:29:58:2958 [warn] Redis Cache system is offline (No local Redis detected). Main functionality is unaffected.
2026-04-03 16:29:58:2958 [warn] Background Job system (Email) is offline (No local Redis detected).
2026-04-03 16:29:58:2958 [warn] Background Job system (Scheduler) is offline (No local Redis detected).
2026-04-03 16:32:25:3225 [warn] Background Job system (Scheduler) is offline (No local Redis detected).
2026-04-03 16:32:25:3225 [warn] Background Job system (Email) is offline (No local Redis detected).
2026-04-03 16:32:25:3225 [warn] Redis Cache system is offline (No local Redis detected). Main functionality is unaffected.
2026-04-03 16:32:36:3236 [warn] Background Job system (Scheduler) is offline (No local Redis detected).
2026-04-03 16:32:36:3236 [warn] Redis Cache system is offline (No local Redis detected). Main functionality is unaffected.
2026-04-03 16:32:36:3236 [warn] Background Job system (Email) is offline (No local Redis detected).
2026-04-03 16:40:05:405 [warn] Background Job system (Email) is offline (No local Redis detected).
2026-04-03 16:40:05:405 [warn] Redis Cache system is offline (No local Redis detected). Main functionality is unaffected.
2026-04-03 16:40:05:405 [warn] Background Job system (Scheduler) is offline (No local Redis detected).
2026-04-03 16:43:02:432 [warn] Background Job system (Scheduler) is offline (No local Redis detected).
2026-04-03 16:43:02:432 [warn] Redis Cache system is offline (No local Redis detected). Main functionality is unaffected.
2026-04-03 16:43:02:432 [warn] Background Job system (Email) is offline (No local Redis detected).
2026-04-03 16:53:44:5344 [warn] Background Job system (Scheduler) is offline (No local Redis detected).
2026-04-03 16:53:44:5344 [warn] Background Job system (Email) is offline (No local Redis detected).
2026-04-03 16:53:44:5344 [warn] Redis Cache system is offline (No local Redis detected). Main functionality is unaffected.
2026-04-03 18:10:58:1058 [warn] Background Job system (Scheduler) is offline (No local Redis detected).
2026-04-03 18:10:58:1058 [warn] Redis Cache system is offline (No local Redis detected). Main functionality is unaffected.
2026-04-03 18:10:58:1058 [warn] Background Job system (Email) is offline (No local Redis detected).
2026-04-03 18:21:04:214 [warn] Background Job system (Scheduler) is offline (No local Redis detected).
2026-04-03 18:21:04:214 [warn] Background Job system (Email) is offline (No local Redis detected).
2026-04-03 18:21:04:214 [warn] Redis Cache system is offline (No local Redis detected). Main functionality is unaffected.
2026-04-03 18:21:13:2113 [warn] Background Job system (Scheduler) is offline (No local Redis detected).
2026-04-03 18:21:13:2113 [warn] Redis Cache system is offline (No local Redis detected). Main functionality is unaffected.
2026-04-03 18:21:13:2113 [warn] Background Job system (Email) is offline (No local Redis detected).
2026-04-03 18:21:25:2125 [warn] Background Job system (Scheduler) is offline (No local Redis detected).
2026-04-03 18:21:25:2125 [warn] Redis Cache system is offline (No local Redis detected). Main functionality is unaffected.
2026-04-03 18:21:25:2125 [warn] Background Job system (Email) is offline (No local Redis detected).
2026-04-03 18:21:50:2150 [warn] Background Job system (Scheduler) is offline (No local Redis detected).
2026-04-03 18:21:50:2150 [warn] Redis Cache system is offline (No local Redis detected). Main functionality is unaffected.
2026-04-03 18:21:50:2150 [warn] Background Job system (Email) is offline (No local Redis detected).
2026-04-03 18:33:01:331 [warn] Background Job system (Email) is offline (No local Redis detected).
2026-04-03 18:33:01:331 [warn] Background Job system (Scheduler) is offline (No local Redis detected).
2026-04-03 18:33:01:331 [warn] Redis Cache system is offline (No local Redis detected). Main functionality is unaffected.
2026-04-03 18:36:09:369 [warn] Background Job system (Email) is offline (No local Redis detected).
2026-04-03 18:36:09:369 [warn] Redis Cache system is offline (No local Redis detected). Main functionality is unaffected.
2026-04-03 18:36:09:369 [warn] Background Job system (Scheduler) is offline (No local Redis detected).
2026-04-04 10:13:48:1348 [warn] Background Job system (Scheduler) is offline (No local Redis detected).
2026-04-04 10:13:48:1348 [warn] Background Job system (Email) is offline (No local Redis detected).
2026-04-04 10:13:48:1348 [warn] Redis Cache system is offline (No local Redis detected). Main functionality is unaffected.
2026-04-04 10:23:13:2313 [warn] Background Job system (Scheduler) is offline (No local Redis detected).
2026-04-04 10:23:13:2313 [warn] Redis Cache system is offline (No local Redis detected). Main functionality is unaffected.
2026-04-04 10:23:13:2313 [warn] Background Job system (Email) is offline (No local Redis detected).
2026-04-04 10:24:29:2429 [warn] Background Job system (Scheduler) is offline (No local Redis detected).
2026-04-04 10:24:29:2429 [warn] Background Job system (Email) is offline (No local Redis detected).
2026-04-04 10:24:29:2429 [warn] Redis Cache system is offline (No local Redis detected). Main functionality is unaffected.
2026-04-04 10:50:07:507 [warn] Background Job system (Scheduler) is offline (No local Redis detected).
2026-04-04 10:50:07:507 [warn] Background Job system (Email) is offline (No local Redis detected).
2026-04-04 10:50:07:507 [warn] Redis Cache system is offline (No local Redis detected). Main functionality is unaffected.
2026-04-04 10:50:16:5016 [warn] Background Job system (Email) is offline (No local Redis detected).
2026-04-04 10:50:16:5016 [warn] Background Job system (Scheduler) is offline (No local Redis detected).
2026-04-04 10:50:16:5016 [warn] Redis Cache system is offline (No local Redis detected). Main functionality is unaffected.
2026-04-04 10:50:25:5025 [warn] Background Job system (Scheduler) is offline (No local Redis detected).
2026-04-04 10:50:25:5025 [warn] Redis Cache system is offline (No local Redis detected). Main functionality is unaffected.
2026-04-04 10:50:25:5025 [warn] Background Job system (Email) is offline (No local Redis detected).
2026-04-04 10:50:30:5030 [warn] Background Job system (Email) is offline (No local Redis detected).
2026-04-04 10:50:30:5030 [warn] Redis Cache system is offline (No local Redis detected). Main functionality is unaffected.
2026-04-04 10:50:30:5030 [warn] Background Job system (Scheduler) is offline (No local Redis detected).
2026-04-04 14:43:46:4346 [warn] Background Job system (Email) is offline (No local Redis detected).
2026-04-04 14:43:46:4346 [warn] Background Job system (Scheduler) is offline (No local Redis detected).
2026-04-04 14:43:46:4346 [warn] Redis Cache system is offline (No local Redis detected). Main functionality is unaffected.
2026-04-10 11:52:14:5214 [warn] Background Job system (Email) is offline (No local Redis detected).
2026-04-10 11:52:14:5214 [warn] Background Job system (Scheduler) is offline (No local Redis detected).
2026-04-10 11:52:14:5214 [warn] Redis Cache system is offline (No local Redis detected). Main functionality is unaffected.
2026-04-10 15:00:41:041 [warn] Background Job system (Scheduler) is offline (No local Redis detected).
2026-04-10 15:00:41:041 [warn] Background Job system (Email) is offline (No local Redis detected).
2026-04-10 15:00:41:041 [warn] Redis Cache system is offline (No local Redis detected). Main functionality is unaffected.
2026-04-10 16:57:53:5753 [warn] Background Job system (Email) is offline (No local Redis detected).
2026-04-10 16:57:53:5753 [warn] Background Job system (Scheduler) is offline (No local Redis detected).
2026-04-10 16:57:53:5753 [warn] Redis Cache system is offline (No local Redis detected). Main functionality is unaffected.
2026-04-10 16:58:08:588 [warn] Background Job system (Email) is offline (No local Redis detected).
2026-04-10 16:58:08:588 [warn] Background Job system (Scheduler) is offline (No local Redis detected).
2026-04-10 16:58:08:588 [warn] Redis Cache system is offline (No local Redis detected). Main functionality is unaffected.
2026-04-10 17:00:58:058 [warn] Background Job system (Email) is offline (No local Redis detected).
2026-04-10 17:00:58:058 [warn] Background Job system (Scheduler) is offline (No local Redis detected).
2026-04-10 17:00:58:058 [warn] Redis Cache system is offline (No local Redis detected). Main functionality is unaffected.
2026-04-10 17:02:16:216 [warn] Background Job system (Email) is offline (No local Redis detected).
2026-04-10 17:02:16:216 [warn] Redis Cache system is offline (No local Redis detected). Main functionality is unaffected.
2026-04-10 17:02:16:216 [warn] Background Job system (Scheduler) is offline (No local Redis detected).
2026-04-10 17:02:28:228 [warn] Background Job system (Scheduler) is offline (No local Redis detected).
2026-04-10 17:02:28:228 [warn] Background Job system (Email) is offline (No local Redis detected).
2026-04-10 17:02:28:228 [warn] Redis Cache system is offline (No local Redis detected). Main functionality is unaffected.
2026-04-10 17:06:16:616 [warn] Background Job system (Email) is offline (No local Redis detected).
2026-04-10 17:06:16:616 [warn] Background Job system (Scheduler) is offline (No local Redis detected).
2026-04-10 17:06:16:616 [warn] Redis Cache system is offline (No local Redis detected). Main functionality is unaffected.
2026-04-10 17:16:49:1649 [warn] Background Job system (Email) is offline (No local Redis detected).
2026-04-10 17:16:49:1649 [warn] Background Job system (Scheduler) is offline (No local Redis detected).
2026-04-10 17:16:49:1649 [warn] Redis Cache system is offline (No local Redis detected). Main functionality is unaffected.
2026-04-10 18:04:05:45 [warn] Background Job system (Scheduler) is offline (No local Redis detected).
2026-04-10 18:04:05:45 [warn] Background Job system (Email) is offline (No local Redis detected).
2026-04-10 18:04:05:45 [warn] Redis Cache system is offline (No local Redis detected). Main functionality is unaffected.
2026-04-10 18:04:34:434 [warn] Background Job system (Scheduler) is offline (No local Redis detected).
2026-04-10 18:04:34:434 [warn] Background Job system (Email) is offline (No local Redis detected).
2026-04-10 18:04:34:434 [warn] Redis Cache system is offline (No local Redis detected). Main functionality is unaffected.
2026-04-10 18:05:08:58 [warn] Background Job system (Email) is offline (No local Redis detected).
2026-04-10 18:05:08:58 [warn] Background Job system (Scheduler) is offline (No local Redis detected).
2026-04-10 18:05:08:58 [warn] Redis Cache system is offline (No local Redis detected). Main functionality is unaffected.
2026-04-10 18:05:29:529 [warn] Background Job system (Scheduler) is offline (No local Redis detected).
2026-04-10 18:05:29:529 [warn] Background Job system (Email) is offline (No local Redis detected).
2026-04-10 18:05:29:529 [warn] Redis Cache system is offline (No local Redis detected). Main functionality is unaffected.
2026-04-10 18:05:51:551 [warn] Background Job system (Email) is offline (No local Redis detected).
2026-04-10 18:05:51:551 [warn] Background Job system (Scheduler) is offline (No local Redis detected).
2026-04-10 18:05:51:551 [warn] Redis Cache system is offline (No local Redis detected). Main functionality is unaffected.
2026-04-10 18:06:21:621 [warn] Background Job system (Scheduler) is offline (No local Redis detected).
2026-04-10 18:06:21:621 [warn] Background Job system (Email) is offline (No local Redis detected).
2026-04-10 18:06:21:621 [warn] Redis Cache system is offline (No local Redis detected). Main functionality is unaffected.
2026-04-10 18:06:43:643 [warn] Background Job system (Email) is offline (No local Redis detected).
2026-04-10 18:06:43:643 [warn] Background Job system (Scheduler) is offline (No local Redis detected).
2026-04-10 18:06:43:643 [warn] Redis Cache system is offline (No local Redis detected). Main functionality is unaffected.
2026-04-10 18:07:17:717 [warn] Background Job system (Scheduler) is offline (No local Redis detected).
2026-04-10 18:07:17:717 [warn] Background Job system (Email) is offline (No local Redis detected).
2026-04-10 18:07:17:717 [warn] Redis Cache system is offline (No local Redis detected). Main functionality is unaffected.
2026-04-10 18:10:31:1031 [warn] Background Job system (Email) is offline (No local Redis detected).
2026-04-10 18:10:31:1031 [warn] Background Job system (Scheduler) is offline (No local Redis detected).
2026-04-10 18:10:31:1031 [warn] Redis Cache system is offline (No local Redis detected). Main functionality is unaffected.
2026-04-10 18:11:55:1155 [warn] Background Job system (Scheduler) is offline (No local Redis detected).
2026-04-10 18:11:55:1155 [warn] Background Job system (Email) is offline (No local Redis detected).
2026-04-10 18:11:55:1155 [warn] Redis Cache system is offline (No local Redis detected). Main functionality is unaffected.
2026-04-10 18:12:29:1229 [warn] Background Job system (Email) is offline (No local Redis detected).
2026-04-10 18:12:29:1229 [warn] Background Job system (Scheduler) is offline (No local Redis detected).
2026-04-10 18:12:29:1229 [warn] Redis Cache system is offline (No local Redis detected). Main functionality is unaffected.
2026-04-10 18:12:43:1243 [warn] Background Job system (Scheduler) is offline (No local Redis detected).
2026-04-10 18:12:43:1243 [warn] Background Job system (Email) is offline (No local Redis detected).
2026-04-10 18:12:43:1243 [warn] Redis Cache system is offline (No local Redis detected). Main functionality is unaffected.
2026-04-10 18:13:02:132 [warn] Background Job system (Scheduler) is offline (No local Redis detected).
2026-04-10 18:13:02:132 [warn] Background Job system (Email) is offline (No local Redis detected).
2026-04-10 18:13:02:132 [warn] Redis Cache system is offline (No local Redis detected). Main functionality is unaffected.
2026-04-10 18:21:35:2135 [warn] Background Job system (Email) is offline (No local Redis detected).
2026-04-10 18:21:35:2135 [warn] Background Job system (Scheduler) is offline (No local Redis detected).
2026-04-10 18:21:35:2135 [warn] Redis Cache system is offline (No local Redis detected). Main functionality is unaffected.
2026-04-10 18:21:51:2151 [warn] Background Job system (Email) is offline (No local Redis detected).
2026-04-10 18:21:51:2151 [warn] Redis Cache system is offline (No local Redis detected). Main functionality is unaffected.
2026-04-10 18:21:51:2151 [warn] Background Job system (Scheduler) is offline (No local Redis detected).
2026-04-10 18:22:10:2210 [warn] Background Job system (Email) is offline (No local Redis detected).
2026-04-10 18:22:10:2210 [warn] Background Job system (Scheduler) is offline (No local Redis detected).
2026-04-10 18:22:10:2210 [warn] Redis Cache system is offline (No local Redis detected). Main functionality is unaffected.
2026-04-10 18:30:47:3047 [warn] Background Job system (Email) is offline (No local Redis detected).
2026-04-10 18:30:47:3047 [warn] Background Job system (Scheduler) is offline (No local Redis detected).
2026-04-10 18:30:47:3047 [warn] Redis Cache system is offline (No local Redis detected). Main functionality is unaffected.
2026-04-11 10:19:43:1943 [warn] Background Job system (Email) is offline (No local Redis detected).
2026-04-11 10:19:43:1943 [warn] Background Job system (Scheduler) is offline (No local Redis detected).
2026-04-11 10:19:43:1943 [warn] Redis Cache system is offline (No local Redis detected). Main functionality is unaffected.
2026-04-11 11:45:41:4541 [warn] Background Job system (Email) is offline (No local Redis detected).
2026-04-11 11:45:41:4541 [warn] Background Job system (Scheduler) is offline (No local Redis detected).
2026-04-11 11:45:41:4541 [warn] Redis Cache system is offline (No local Redis detected). Main functionality is unaffected.
2026-04-11 12:21:41:2141 [warn] Background Job system (Email) is offline (No local Redis detected).
2026-04-11 12:21:41:2141 [warn] Background Job system (Scheduler) is offline (No local Redis detected).
2026-04-11 12:21:41:2141 [warn] Redis Cache system is offline (No local Redis detected). Main functionality is unaffected.
2026-04-12 17:53:54:5354 [warn] Background Job system (Email) is offline (No local Redis detected).
2026-04-12 17:53:54:5354 [warn] Background Job system (Scheduler) is offline (No local Redis detected).
2026-04-12 17:53:54:5354 [warn] Redis Cache system is offline (No local Redis detected). Main functionality is unaffected.
2026-04-12 18:08:53:853 [warn] Background Job system (Email) is offline (No local Redis detected).
2026-04-12 18:08:53:853 [warn] Background Job system (Scheduler) is offline (No local Redis detected).
2026-04-12 18:08:53:853 [warn] Redis Cache system is offline (No local Redis detected). Main functionality is unaffected.
2026-04-12 18:08:59:859 [warn] Background Job system (Email) is offline (No local Redis detected).
2026-04-12 18:08:59:859 [warn] Background Job system (Scheduler) is offline (No local Redis detected).
2026-04-12 18:08:59:859 [warn] Redis Cache system is offline (No local Redis detected). Main functionality is unaffected.
2026-04-12 18:09:06:96 [warn] Background Job system (Scheduler) is offline (No local Redis detected).
2026-04-12 18:09:06:96 [warn] Background Job system (Email) is offline (No local Redis detected).
2026-04-12 18:09:06:96 [warn] Redis Cache system is offline (No local Redis detected). Main functionality is unaffected.
2026-04-12 18:30:29:3029 [warn] Background Job system (Scheduler) is offline (No local Redis detected).
2026-04-12 18:30:29:3029 [warn] Background Job system (Email) is offline (No local Redis detected).
2026-04-12 18:30:29:3029 [warn] Redis Cache system is offline (No local Redis detected). Main functionality is unaffected.
2026-04-12 18:30:42:3042 [warn] Background Job system (Email) is offline (No local Redis detected).
2026-04-12 18:30:42:3042 [warn] Redis Cache system is offline (No local Redis detected). Main functionality is unaffected.
2026-04-12 18:30:42:3042 [warn] Background Job system (Scheduler) is offline (No local Redis detected).
2026-04-12 18:31:31:3131 [warn] Background Job system (Scheduler) is offline (No local Redis detected).
2026-04-12 18:31:31:3131 [warn] Redis Cache system is offline (No local Redis detected). Main functionality is unaffected.
2026-04-12 18:31:31:3131 [warn] Background Job system (Email) is offline (No local Redis detected).
2026-04-12 18:32:07:327 [warn] Background Job system (Email) is offline (No local Redis detected).
2026-04-12 18:32:07:327 [warn] Background Job system (Scheduler) is offline (No local Redis detected).
2026-04-12 18:32:07:327 [warn] Redis Cache system is offline (No local Redis detected). Main functionality is unaffected.
2026-04-12 18:32:26:3226 [warn] Background Job system (Email) is offline (No local Redis detected).
2026-04-12 18:32:26:3226 [warn] Background Job system (Scheduler) is offline (No local Redis detected).
2026-04-12 18:32:26:3226 [warn] Redis Cache system is offline (No local Redis detected). Main functionality is unaffected.
2026-04-12 18:32:47:3247 [warn] Background Job system (Scheduler) is offline (No local Redis detected).
2026-04-12 18:32:47:3247 [warn] Background Job system (Email) is offline (No local Redis detected).
2026-04-12 18:32:47:3247 [warn] Redis Cache system is offline (No local Redis detected). Main functionality is unaffected.
2026-04-12 18:33:14:3314 [warn] Background Job system (Scheduler) is offline (No local Redis detected).
2026-04-12 18:33:14:3314 [warn] Background Job system (Email) is offline (No local Redis detected).
2026-04-12 18:33:14:3314 [warn] Redis Cache system is offline (No local Redis detected). Main functionality is unaffected.
2026-04-12 18:33:25:3325 [warn] Background Job system (Email) is offline (No local Redis detected).
2026-04-12 18:33:25:3325 [warn] Background Job system (Scheduler) is offline (No local Redis detected).
2026-04-12 18:33:25:3325 [warn] Redis Cache system is offline (No local Redis detected). Main functionality is unaffected.
2026-04-13 10:27:01:271 [warn] Background Job system (Email) is offline (No local Redis detected).
2026-04-13 10:27:01:271 [warn] Background Job system (Scheduler) is offline (No local Redis detected).
2026-04-13 10:27:01:271 [warn] Redis Cache system is offline (No local Redis detected). Main functionality is unaffected.
2026-04-13 11:19:48:1948 [warn] Background Job system (Email) is offline (No local Redis detected).
2026-04-13 11:19:48:1948 [warn] Background Job system (Scheduler) is offline (No local Redis detected).
2026-04-13 11:19:48:1948 [warn] Redis Cache system is offline (No local Redis detected). Main functionality is unaffected.
2026-04-13 11:20:23:2023 [warn] Background Job system (Email) is offline (No local Redis detected).
2026-04-13 11:20:23:2023 [warn] Redis Cache system is offline (No local Redis detected). Main functionality is unaffected.
2026-04-13 11:20:23:2023 [warn] Background Job system (Scheduler) is offline (No local Redis detected).
2026-04-13 11:59:27:5927 [warn] Background Job system (Email) is offline (No local Redis detected).
2026-04-13 11:59:27:5927 [warn] Background Job system (Scheduler) is offline (No local Redis detected).
2026-04-13 11:59:27:5927 [warn] Redis Cache system is offline (No local Redis detected). Main functionality is unaffected.
2026-04-13 11:59:46:5946 [warn] Background Job system (Email) is offline (No local Redis detected).
2026-04-13 11:59:46:5946 [warn] Redis Cache system is offline (No local Redis detected). Main functionality is unaffected.
2026-04-13 11:59:46:5946 [warn] Background Job system (Scheduler) is offline (No local Redis detected).
2026-04-13 12:36:40:3640 [warn] Background Job system (Scheduler) is offline (No local Redis detected).
2026-04-13 12:36:40:3640 [warn] Background Job system (Email) is offline (No local Redis detected).
2026-04-13 12:36:40:3640 [warn] Redis Cache system is offline (No local Redis detected). Main functionality is unaffected.
2026-04-13 14:14:46:1446 [warn] Background Job system (Email) is offline (No local Redis detected).
2026-04-13 14:14:46:1446 [warn] Redis Cache system is offline (No local Redis detected). Main functionality is unaffected.
2026-04-13 14:14:46:1446 [warn] Background Job system (Scheduler) is offline (No local Redis detected).
2026-04-13 14:15:29:1529 [warn] Background Job system (Scheduler) is offline (No local Redis detected).
2026-04-13 14:15:29:1529 [warn] Background Job system (Email) is offline (No local Redis detected).
2026-04-13 14:15:29:1529 [warn] Redis Cache system is offline (No local Redis detected). Main functionality is unaffected.
2026-04-13 14:16:40:1640 [warn] Background Job system (Scheduler) is offline (No local Redis detected).
2026-04-13 14:16:40:1640 [warn] Background Job system (Email) is offline (No local Redis detected).
2026-04-13 14:16:40:1640 [warn] Redis Cache system is offline (No local Redis detected). Main functionality is unaffected.
2026-04-13 14:17:43:1743 [warn] Background Job system (Scheduler) is offline (No local Redis detected).
2026-04-13 14:17:43:1743 [warn] Background Job system (Email) is offline (No local Redis detected).
2026-04-13 14:17:43:1743 [warn] Redis Cache system is offline (No local Redis detected). Main functionality is unaffected.
2026-04-13 14:18:17:1817 [warn] Background Job system (Email) is offline (No local Redis detected).
2026-04-13 14:18:17:1817 [warn] Background Job system (Scheduler) is offline (No local Redis detected).
2026-04-13 14:18:17:1817 [warn] Redis Cache system is offline (No local Redis detected). Main functionality is unaffected.
2026-04-13 14:26:34:2634 [warn] Background Job system (Scheduler) is offline (No local Redis detected).
2026-04-13 14:26:34:2634 [warn] Background Job system (Email) is offline (No local Redis detected).
2026-04-13 14:26:34:2634 [warn] Redis Cache system is offline (No local Redis detected). Main functionality is unaffected.
2026-04-13 14:26:45:2645 [warn] Background Job system (Scheduler) is offline (No local Redis detected).
2026-04-13 14:26:45:2645 [warn] Redis Cache system is offline (No local Redis detected). Main functionality is unaffected.
2026-04-13 14:26:45:2645 [warn] Background Job system (Email) is offline (No local Redis detected).
2026-04-13 14:27:20:2720 [warn] Background Job system (Scheduler) is offline (No local Redis detected).
2026-04-13 14:27:20:2720 [warn] Background Job system (Email) is offline (No local Redis detected).
2026-04-13 14:27:20:2720 [warn] Redis Cache system is offline (No local Redis detected). Main functionality is unaffected.
2026-04-13 14:32:05:325 [warn] Background Job system (Email) is offline (No local Redis detected).
2026-04-13 14:32:05:325 [warn] Redis Cache system is offline (No local Redis detected). Main functionality is unaffected.
2026-04-13 14:32:05:325 [warn] Background Job system (Scheduler) is offline (No local Redis detected).
2026-04-13 14:32:17:3217 [warn] Background Job system (Scheduler) is offline (No local Redis detected).
2026-04-13 14:32:17:3217 [warn] Background Job system (Email) is offline (No local Redis detected).
2026-04-13 14:32:17:3217 [warn] Redis Cache system is offline (No local Redis detected). Main functionality is unaffected.
2026-04-13 14:35:45:3545 [warn] Background Job system (Scheduler) is offline (No local Redis detected).
2026-04-13 14:35:45:3545 [warn] Redis Cache system is offline (No local Redis detected). Main functionality is unaffected.
2026-04-13 14:35:45:3545 [warn] Background Job system (Email) is offline (No local Redis detected).
2026-04-13 14:38:10:3810 [warn] Background Job system (Scheduler) is offline (No local Redis detected).
2026-04-13 14:38:10:3810 [warn] Background Job system (Email) is offline (No local Redis detected).
2026-04-13 14:38:10:3810 [warn] Redis Cache system is offline (No local Redis detected). Main functionality is unaffected.
2026-04-13 14:39:34:3934 [warn] Background Job system (Scheduler) is offline (No local Redis detected).
2026-04-13 14:39:34:3934 [warn] Redis Cache system is offline (No local Redis detected). Main functionality is unaffected.
2026-04-13 14:39:34:3934 [warn] Background Job system (Email) is offline (No local Redis detected).
2026-04-13 14:44:39:4439 [warn] Background Job system (Email) is offline (No local Redis detected).
2026-04-13 14:44:39:4439 [warn] Redis Cache system is offline (No local Redis detected). Main functionality is unaffected.
2026-04-13 14:44:39:4439 [warn] Background Job system (Scheduler) is offline (No local Redis detected).
2026-04-13 14:45:18:4518 [warn] Background Job system (Email) is offline (No local Redis detected).
2026-04-13 14:45:18:4518 [warn] Background Job system (Scheduler) is offline (No local Redis detected).
2026-04-13 14:45:18:4518 [warn] Redis Cache system is offline (No local Redis detected). Main functionality is unaffected.
2026-04-13 14:59:04:594 [warn] Background Job system (Email) is offline (No local Redis detected).
2026-04-13 14:59:04:594 [warn] Background Job system (Scheduler) is offline (No local Redis detected).
2026-04-13 14:59:04:594 [warn] Redis Cache system is offline (No local Redis detected). Main functionality is unaffected.
2026-04-13 14:59:17:5917 [warn] Background Job system (Scheduler) is offline (No local Redis detected).
2026-04-13 14:59:17:5917 [warn] Background Job system (Email) is offline (No local Redis detected).
2026-04-13 14:59:17:5917 [warn] Redis Cache system is offline (No local Redis detected). Main functionality is unaffected.
2026-04-13 15:15:50:1550 [warn] Background Job system (Scheduler) is offline (No local Redis detected).
2026-04-13 15:15:50:1550 [warn] Redis Cache system is offline (No local Redis detected). Main functionality is unaffected.
2026-04-13 15:15:50:1550 [warn] Background Job system (Email) is offline (No local Redis detected).
2026-04-14 11:38:25:3825 [warn] Background Job system (Email) is offline (No local Redis detected).
2026-04-14 11:38:25:3825 [warn] Background Job system (Scheduler) is offline (No local Redis detected).
2026-04-14 11:38:25:3825 [warn] Redis Cache system is offline (No local Redis detected). Main functionality is unaffected.
2026-04-14 11:49:54:4954 [warn] Background Job system (Scheduler) is offline (No local Redis detected).
2026-04-14 11:49:54:4954 [warn] Background Job system (Email) is offline (No local Redis detected).
2026-04-14 11:49:54:4954 [warn] Redis Cache system is offline (No local Redis detected). Main functionality is unaffected.
2026-04-14 14:36:52:3652 [warn] Background Job system (Scheduler) is offline (No local Redis detected).
2026-04-14 14:36:52:3652 [warn] Redis Cache system is offline (No local Redis detected). Main functionality is unaffected.
2026-04-14 14:36:52:3652 [warn] Background Job system (Email) is offline (No local Redis detected).
2026-04-14 14:43:15:4315 [warn] Background Job system (Scheduler) is offline (No local Redis detected).
2026-04-14 14:43:15:4315 [warn] Background Job system (Email) is offline (No local Redis detected).
2026-04-14 14:43:15:4315 [warn] Redis Cache system is offline (No local Redis detected). Main functionality is unaffected.
2026-04-15 10:14:12:1412 [warn] Background Job system (Email) is offline (No local Redis detected).
2026-04-15 10:14:12:1412 [warn] Background Job system (Scheduler) is offline (No local Redis detected).
2026-04-15 10:14:12:1412 [warn] Redis Cache system is offline (No local Redis detected). Main functionality is unaffected.
2026-04-16 10:19:04:194 [warn] Background Job system (Email) is offline (No local Redis detected).
2026-04-16 10:19:04:194 [warn] Background Job system (Scheduler) is offline (No local Redis detected).
2026-04-16 10:19:04:194 [warn] Redis Cache system is offline (No local Redis detected). Main functionality is unaffected.
2026-04-16 10:22:49:2249 [warn] Background Job system (Email) is offline (No local Redis detected).
2026-04-16 10:22:49:2249 [warn] Background Job system (Scheduler) is offline (No local Redis detected).
2026-04-16 10:22:49:2249 [warn] Redis Cache system is offline (No local Redis detected). Main functionality is unaffected.
2026-04-16 10:23:12:2312 [warn] Background Job system (Scheduler) is offline (No local Redis detected).
2026-04-16 10:23:12:2312 [warn] Redis Cache system is offline (No local Redis detected). Main functionality is unaffected.
2026-04-16 10:23:12:2312 [warn] Background Job system (Email) is offline (No local Redis detected).
2026-04-16 10:33:33:3333 [warn] Background Job system (Scheduler) is offline (No local Redis detected).
2026-04-16 10:33:33:3333 [warn] Redis Cache system is offline (No local Redis detected). Main functionality is unaffected.
2026-04-16 10:33:33:3333 [warn] Background Job system (Email) is offline (No local Redis detected).
2026-04-16 10:36:35:3635 [warn] Background Job system (Scheduler) is offline (No local Redis detected).
2026-04-16 10:36:35:3635 [warn] Background Job system (Email) is offline (No local Redis detected).
2026-04-16 10:36:35:3635 [warn] Redis Cache system is offline (No local Redis detected). Main functionality is unaffected.
2026-04-16 10:36:58:3658 [warn] Background Job system (Scheduler) is offline (No local Redis detected).
2026-04-16 10:36:58:3658 [warn] Redis Cache system is offline (No local Redis detected). Main functionality is unaffected.
2026-04-16 10:36:58:3658 [warn] Background Job system (Email) is offline (No local Redis detected).
2026-04-16 10:37:23:3723 [warn] Background Job system (Email) is offline (No local Redis detected).
2026-04-16 10:37:23:3723 [warn] Background Job system (Scheduler) is offline (No local Redis detected).
2026-04-16 10:37:23:3723 [warn] Redis Cache system is offline (No local Redis detected). Main functionality is unaffected.
2026-04-16 10:38:27:3827 [warn] Background Job system (Scheduler) is offline (No local Redis detected).
2026-04-16 10:38:27:3827 [warn] Redis Cache system is offline (No local Redis detected). Main functionality is unaffected.
2026-04-16 10:38:27:3827 [warn] Background Job system (Email) is offline (No local Redis detected).
2026-04-16 10:50:52:5052 [warn] Background Job system (Email) is offline (No local Redis detected).
2026-04-16 10:50:52:5052 [warn] Redis Cache system is offline (No local Redis detected). Main functionality is unaffected.
2026-04-16 10:50:52:5052 [warn] Background Job system (Scheduler) is offline (No local Redis detected).
2026-04-16 10:51:15:5115 [warn] Background Job system (Email) is offline (No local Redis detected).
2026-04-16 10:51:15:5115 [warn] Background Job system (Scheduler) is offline (No local Redis detected).
2026-04-16 10:51:15:5115 [warn] Redis Cache system is offline (No local Redis detected). Main functionality is unaffected.
2026-04-16 10:59:48:5948 [warn] Background Job system (Email) is offline (No local Redis detected).
2026-04-16 10:59:48:5948 [warn] Background Job system (Scheduler) is offline (No local Redis detected).
2026-04-16 10:59:48:5948 [warn] Redis Cache system is offline (No local Redis detected). Main functionality is unaffected.
2026-04-16 11:02:45:245 [warn] Background Job system (Scheduler) is offline (No local Redis detected).
2026-04-16 11:02:45:245 [warn] Background Job system (Email) is offline (No local Redis detected).
2026-04-16 11:02:45:245 [warn] Redis Cache system is offline (No local Redis detected). Main functionality is unaffected.
2026-04-16 12:33:36:3336 [warn] Background Job system (Scheduler) is offline (No local Redis detected).
2026-04-16 12:33:36:3336 [warn] Redis Cache system is offline (No local Redis detected). Main functionality is unaffected.
2026-04-16 12:33:36:3336 [warn] Background Job system (Email) is offline (No local Redis detected).
2026-04-16 12:34:32:3432 [warn] Background Job system (Email) is offline (No local Redis detected).
2026-04-16 12:34:32:3432 [warn] Redis Cache system is offline (No local Redis detected). Main functionality is unaffected.
2026-04-16 12:34:32:3432 [warn] Background Job system (Scheduler) is offline (No local Redis detected).
2026-04-16 13:03:28:328 [warn] Background Job system (Email) is offline (No local Redis detected).
2026-04-16 13:03:28:328 [warn] Redis Cache system is offline (No local Redis detected). Main functionality is unaffected.
2026-04-16 13:03:28:328 [warn] Background Job system (Scheduler) is offline (No local Redis detected).
2026-04-16 13:04:07:47 [warn] Background Job system (Scheduler) is offline (No local Redis detected).
2026-04-16 13:04:07:47 [warn] Background Job system (Email) is offline (No local Redis detected).
2026-04-16 13:04:07:47 [warn] Redis Cache system is offline (No local Redis detected). Main functionality is unaffected.
2026-04-16 13:04:16:416 [warn] Background Job system (Scheduler) is offline (No local Redis detected).
2026-04-16 13:04:16:416 [warn] Background Job system (Email) is offline (No local Redis detected).
2026-04-16 13:04:16:416 [warn] Redis Cache system is offline (No local Redis detected). Main functionality is unaffected.
2026-04-16 13:04:23:423 [warn] Background Job system (Scheduler) is offline (No local Redis detected).
2026-04-16 13:04:23:423 [warn] Background Job system (Email) is offline (No local Redis detected).
2026-04-16 13:04:23:423 [warn] Redis Cache system is offline (No local Redis detected). Main functionality is unaffected.
2026-04-16 14:09:23:923 [warn] Background Job system (Email) is offline (No local Redis detected).
2026-04-16 14:09:23:923 [warn] Redis Cache system is offline (No local Redis detected). Main functionality is unaffected.
2026-04-16 14:09:23:923 [warn] Background Job system (Scheduler) is offline (No local Redis detected).
2026-04-16 14:23:59:2359 [warn] Background Job system (Scheduler) is offline (No local Redis detected).
2026-04-16 14:23:59:2359 [warn] Redis Cache system is offline (No local Redis detected). Main functionality is unaffected.
2026-04-16 14:23:59:2359 [warn] Background Job system (Email) is offline (No local Redis detected).
2026-04-16 14:24:24:2424 [warn] Background Job system (Email) is offline (No local Redis detected).
2026-04-16 14:24:24:2424 [warn] Redis Cache system is offline (No local Redis detected). Main functionality is unaffected.
2026-04-16 14:24:24:2424 [warn] Background Job system (Scheduler) is offline (No local Redis detected).
2026-04-16 14:26:52:2652 [warn] Background Job system (Email) is offline (No local Redis detected).
2026-04-16 14:26:52:2652 [warn] Background Job system (Scheduler) is offline (No local Redis detected).
2026-04-16 14:26:52:2652 [warn] Redis Cache system is offline (No local Redis detected). Main functionality is unaffected.
2026-04-16 14:29:35:2935 [warn] Background Job system (Email) is offline (No local Redis detected).
2026-04-16 14:29:35:2935 [warn] Redis Cache system is offline (No local Redis detected). Main functionality is unaffected.
2026-04-16 14:29:35:2935 [warn] Background Job system (Scheduler) is offline (No local Redis detected).
2026-04-16 14:31:02:312 [warn] Background Job system (Scheduler) is offline (No local Redis detected).
2026-04-16 14:31:02:312 [warn] Redis Cache system is offline (No local Redis detected). Main functionality is unaffected.
2026-04-16 14:31:02:312 [warn] Background Job system (Email) is offline (No local Redis detected).
2026-04-16 14:38:13:3813 [warn] Background Job system (Scheduler) is offline (No local Redis detected).
2026-04-16 14:38:13:3813 [warn] Background Job system (Email) is offline (No local Redis detected).
2026-04-16 14:38:13:3813 [warn] Redis Cache system is offline (No local Redis detected). Main functionality is unaffected.
2026-04-16 14:38:24:3824 [warn] Background Job system (Email) is offline (No local Redis detected).
2026-04-16 14:38:24:3824 [warn] Background Job system (Scheduler) is offline (No local Redis detected).
2026-04-16 14:38:24:3824 [warn] Redis Cache system is offline (No local Redis detected). Main functionality is unaffected.
2026-04-16 14:44:34:4434 [warn] Background Job system (Email) is offline (No local Redis detected).
2026-04-16 14:44:34:4434 [warn] Redis Cache system is offline (No local Redis detected). Main functionality is unaffected.
2026-04-16 14:44:34:4434 [warn] Background Job system (Scheduler) is offline (No local Redis detected).
2026-04-16 14:46:28:4628 [warn] Background Job system (Scheduler) is offline (No local Redis detected).
2026-04-16 14:46:28:4628 [warn] Background Job system (Email) is offline (No local Redis detected).
2026-04-16 14:46:28:4628 [warn] Redis Cache system is offline (No local Redis detected). Main functionality is unaffected.
2026-04-16 14:46:39:4639 [warn] Background Job system (Email) is offline (No local Redis detected).
2026-04-16 14:46:39:4639 [warn] Background Job system (Scheduler) is offline (No local Redis detected).
2026-04-16 14:46:39:4639 [warn] Redis Cache system is offline (No local Redis detected). Main functionality is unaffected.
2026-04-16 14:48:08:488 [warn] Background Job system (Email) is offline (No local Redis detected).
2026-04-16 14:48:08:488 [warn] Background Job system (Scheduler) is offline (No local Redis detected).
2026-04-16 14:48:08:488 [warn] Redis Cache system is offline (No local Redis detected). Main functionality is unaffected.
2026-04-16 14:48:36:4836 [warn] Background Job system (Scheduler) is offline (No local Redis detected).
2026-04-16 14:48:36:4836 [warn] Background Job system (Email) is offline (No local Redis detected).
2026-04-16 14:48:36:4836 [warn] Redis Cache system is offline (No local Redis detected). Main functionality is unaffected.
2026-04-16 15:10:28:1028 [warn] Background Job system (Scheduler) is offline (No local Redis detected).
2026-04-16 15:10:28:1028 [warn] Redis Cache system is offline (No local Redis detected). Main functionality is unaffected.
2026-04-16 15:10:28:1028 [warn] Background Job system (Email) is offline (No local Redis detected).
2026-04-16 15:10:43:1043 [warn] Background Job system (Scheduler) is offline (No local Redis detected).
2026-04-16 15:10:43:1043 [warn] Redis Cache system is offline (No local Redis detected). Main functionality is unaffected.
2026-04-16 15:10:43:1043 [warn] Background Job system (Email) is offline (No local Redis detected).
2026-04-16 15:11:00:110 [warn] Background Job system (Scheduler) is offline (No local Redis detected).
2026-04-16 15:11:00:110 [warn] Redis Cache system is offline (No local Redis detected). Main functionality is unaffected.
2026-04-16 15:11:00:110 [warn] Background Job system (Email) is offline (No local Redis detected).
2026-04-16 15:11:19:1119 [warn] Background Job system (Scheduler) is offline (No local Redis detected).
2026-04-16 15:11:19:1119 [warn] Redis Cache system is offline (No local Redis detected). Main functionality is unaffected.
2026-04-16 15:11:19:1119 [warn] Background Job system (Email) is offline (No local Redis detected).
2026-04-16 15:11:58:1158 [warn] Background Job system (Scheduler) is offline (No local Redis detected).
2026-04-16 15:11:58:1158 [warn] Redis Cache system is offline (No local Redis detected). Main functionality is unaffected.
2026-04-16 15:11:58:1158 [warn] Background Job system (Email) is offline (No local Redis detected).
2026-04-16 15:12:18:1218 [warn] Background Job system (Email) is offline (No local Redis detected).
2026-04-16 15:12:18:1218 [warn] Background Job system (Scheduler) is offline (No local Redis detected).
2026-04-16 15:12:18:1218 [warn] Redis Cache system is offline (No local Redis detected). Main functionality is unaffected.
2026-04-16 15:12:34:1234 [warn] Background Job system (Scheduler) is offline (No local Redis detected).
2026-04-16 15:12:34:1234 [warn] Redis Cache system is offline (No local Redis detected). Main functionality is unaffected.
2026-04-16 15:12:34:1234 [warn] Background Job system (Email) is offline (No local Redis detected).
2026-04-16 15:15:47:1547 [warn] Background Job system (Scheduler) is offline (No local Redis detected).
2026-04-16 15:15:47:1547 [warn] Redis Cache system is offline (No local Redis detected). Main functionality is unaffected.
2026-04-16 15:15:47:1547 [warn] Background Job system (Email) is offline (No local Redis detected).
2026-04-16 15:16:49:1649 [warn] Background Job system (Scheduler) is offline (No local Redis detected).
2026-04-16 15:16:49:1649 [warn] Redis Cache system is offline (No local Redis detected). Main functionality is unaffected.
2026-04-16 15:16:49:1649 [warn] Background Job system (Email) is offline (No local Redis detected).
2026-04-16 15:21:53:2153 [warn] Background Job system (Scheduler) is offline (No local Redis detected).
2026-04-16 15:21:53:2153 [warn] Redis Cache system is offline (No local Redis detected). Main functionality is unaffected.
2026-04-16 15:21:53:2153 [warn] Background Job system (Email) is offline (No local Redis detected).
2026-04-16 15:24:21:2421 [warn] Background Job system (Scheduler) is offline (No local Redis detected).
2026-04-16 15:24:21:2421 [warn] Background Job system (Email) is offline (No local Redis detected).
2026-04-16 15:24:21:2421 [warn] Redis Cache system is offline (No local Redis detected). Main functionality is unaffected.
2026-04-16 15:28:03:283 [warn] Background Job system (Email) is offline (No local Redis detected).
2026-04-16 15:28:03:283 [warn] Background Job system (Scheduler) is offline (No local Redis detected).
2026-04-16 15:28:03:283 [warn] Redis Cache system is offline (No local Redis detected). Main functionality is unaffected.
2026-04-16 15:41:54:4154 [warn] Background Job system (Scheduler) is offline (No local Redis detected).
2026-04-16 15:41:54:4154 [warn] Redis Cache system is offline (No local Redis detected). Main functionality is unaffected.
2026-04-16 15:41:54:4154 [warn] Background Job system (Email) is offline (No local Redis detected).
2026-04-16 15:43:03:433 [warn] Background Job system (Scheduler) is offline (No local Redis detected).
2026-04-16 15:43:03:433 [warn] Redis Cache system is offline (No local Redis detected). Main functionality is unaffected.
2026-04-16 15:43:03:433 [warn] Background Job system (Email) is offline (No local Redis detected).
2026-04-16 15:50:12:5012 [warn] Background Job system (Scheduler) is offline (No local Redis detected).
2026-04-16 15:50:12:5012 [warn] Redis Cache system is offline (No local Redis detected). Main functionality is unaffected.
2026-04-16 15:50:12:5012 [warn] Background Job system (Email) is offline (No local Redis detected).
2026-04-16 15:52:25:5225 [warn] Background Job system (Email) is offline (No local Redis detected).
2026-04-16 15:52:25:5225 [warn] Background Job system (Scheduler) is offline (No local Redis detected).
2026-04-16 15:52:25:5225 [warn] Redis Cache system is offline (No local Redis detected). Main functionality is unaffected.
2026-04-16 15:58:07:587 [warn] Background Job system (Email) is offline (No local Redis detected).
2026-04-16 15:58:07:587 [warn] Redis Cache system is offline (No local Redis detected). Main functionality is unaffected.
2026-04-16 15:58:07:587 [warn] Background Job system (Scheduler) is offline (No local Redis detected).
2026-04-16 16:51:29:5129 [warn] Background Job system (Scheduler) is offline (No local Redis detected).
2026-04-16 16:51:29:5129 [warn] Redis Cache system is offline (No local Redis detected). Main functionality is unaffected.
2026-04-16 16:51:29:5129 [warn] Background Job system (Email) is offline (No local Redis detected).
2026-04-16 16:54:44:5444 [warn] Background Job system (Email) is offline (No local Redis detected).
2026-04-16 16:54:44:5444 [warn] Background Job system (Scheduler) is offline (No local Redis detected).
2026-04-16 16:54:44:5444 [warn] Redis Cache system is offline (No local Redis detected). Main functionality is unaffected.
2026-04-16 16:56:27:5627 [warn] Background Job system (Scheduler) is offline (No local Redis detected).
2026-04-16 16:56:27:5627 [warn] Redis Cache system is offline (No local Redis detected). Main functionality is unaffected.
2026-04-16 16:56:27:5627 [warn] Background Job system (Email) is offline (No local Redis detected).
2026-04-16 17:29:49:2949 [warn] Background Job system (Scheduler) is offline (No local Redis detected).
2026-04-16 17:29:49:2949 [warn] Background Job system (Email) is offline (No local Redis detected).
2026-04-16 17:29:49:2949 [warn] Redis Cache system is offline (No local Redis detected). Main functionality is unaffected.
2026-04-16 17:31:21:3121 [warn] Background Job system (Scheduler) is offline (No local Redis detected).
2026-04-16 17:31:21:3121 [warn] Redis Cache system is offline (No local Redis detected). Main functionality is unaffected.
2026-04-16 17:31:21:3121 [warn] Background Job system (Email) is offline (No local Redis detected).
2026-04-16 17:37:32:3732 [warn] Background Job system (Email) is offline (No local Redis detected).
2026-04-16 17:37:32:3732 [warn] Redis Cache system is offline (No local Redis detected). Main functionality is unaffected.
2026-04-16 17:37:32:3732 [warn] Background Job system (Scheduler) is offline (No local Redis detected).
2026-04-16 17:38:17:3817 [warn] Background Job system (Email) is offline (No local Redis detected).
2026-04-16 17:38:17:3817 [warn] Redis Cache system is offline (No local Redis detected). Main functionality is unaffected.
2026-04-16 17:38:17:3817 [warn] Background Job system (Scheduler) is offline (No local Redis detected).
2026-04-16 17:50:17:5017 [warn] Background Job system (Email) is offline (No local Redis detected).
2026-04-16 17:50:17:5017 [warn] Redis Cache system is offline (No local Redis detected). Main functionality is unaffected.
2026-04-16 17:50:17:5017 [warn] Background Job system (Scheduler) is offline (No local Redis detected).
2026-04-16 17:50:27:5027 [warn] Background Job system (Scheduler) is offline (No local Redis detected).
2026-04-16 17:50:27:5027 [warn] Redis Cache system is offline (No local Redis detected). Main functionality is unaffected.
2026-04-16 17:50:27:5027 [warn] Background Job system (Email) is offline (No local Redis detected).
2026-04-16 18:01:02:12 [warn] Background Job system (Scheduler) is offline (No local Redis detected).
2026-04-16 18:01:02:12 [warn] Background Job system (Email) is offline (No local Redis detected).
2026-04-16 18:01:02:12 [warn] Redis Cache system is offline (No local Redis detected). Main functionality is unaffected.
2026-04-16 18:05:24:524 [warn] Background Job system (Email) is offline (No local Redis detected).
2026-04-16 18:05:24:524 [warn] Redis Cache system is offline (No local Redis detected). Main functionality is unaffected.
2026-04-16 18:05:24:524 [warn] Background Job system (Scheduler) is offline (No local Redis detected).
2026-04-16 18:07:33:733 [warn] Background Job system (Scheduler) is offline (No local Redis detected).
2026-04-16 18:07:33:733 [warn] Background Job system (Email) is offline (No local Redis detected).
2026-04-16 18:07:33:733 [warn] Redis Cache system is offline (No local Redis detected). Main functionality is unaffected.
2026-04-16 18:08:05:85 [warn] Background Job system (Scheduler) is offline (No local Redis detected).
2026-04-16 18:08:05:85 [warn] Background Job system (Email) is offline (No local Redis detected).
2026-04-16 18:08:05:85 [warn] Redis Cache system is offline (No local Redis detected). Main functionality is unaffected.
2026-04-16 18:08:35:835 [warn] Background Job system (Scheduler) is offline (No local Redis detected).
2026-04-16 18:08:35:835 [warn] Background Job system (Email) is offline (No local Redis detected).
2026-04-16 18:08:35:835 [warn] Redis Cache system is offline (No local Redis detected). Main functionality is unaffected.
2026-04-17 10:08:45:845 [warn] Background Job system (Email) is offline (No local Redis detected).
2026-04-17 10:08:45:845 [warn] Redis Cache system is offline (No local Redis detected). Main functionality is unaffected.
2026-04-17 10:08:45:845 [warn] Background Job system (Scheduler) is offline (No local Redis detected).
2026-04-17 10:31:12:3112 [warn] Background Job system (Scheduler) is offline (No local Redis detected).
2026-04-17 10:31:12:3112 [warn] Background Job system (Email) is offline (No local Redis detected).
2026-04-17 10:31:12:3112 [warn] Redis Cache system is offline (No local Redis detected). Main functionality is unaffected.
2026-04-17 10:34:51:3451 [warn] Background Job system (Scheduler) is offline (No local Redis detected).
2026-04-17 10:34:51:3451 [warn] Redis Cache system is offline (No local Redis detected). Main functionality is unaffected.
2026-04-17 10:34:51:3451 [warn] Background Job system (Email) is offline (No local Redis detected).
2026-04-17 10:39:29:3929 [warn] Background Job system (Email) is offline (No local Redis detected).
2026-04-17 10:39:29:3929 [warn] Redis Cache system is offline (No local Redis detected). Main functionality is unaffected.
2026-04-17 10:39:29:3929 [warn] Background Job system (Scheduler) is offline (No local Redis detected).
2026-04-17 11:05:01:51 [warn] Background Job system (Scheduler) is offline (No local Redis detected).
2026-04-17 11:05:01:51 [warn] Background Job system (Email) is offline (No local Redis detected).
2026-04-17 11:05:01:51 [warn] Redis Cache system is offline (No local Redis detected). Main functionality is unaffected.
2026-04-17 12:11:20:1120 [warn] Background Job system (Scheduler) is offline (No local Redis detected).
2026-04-17 12:11:20:1120 [warn] Background Job system (Email) is offline (No local Redis detected).
2026-04-17 12:11:20:1120 [warn] Redis Cache system is offline (No local Redis detected). Main functionality is unaffected.
2026-04-17 12:11:35:1135 [warn] Background Job system (Email) is offline (No local Redis detected).
2026-04-17 12:11:35:1135 [warn] Background Job system (Scheduler) is offline (No local Redis detected).
2026-04-17 12:11:35:1135 [warn] Redis Cache system is offline (No local Redis detected). Main functionality is unaffected.
2026-04-17 12:12:06:126 [warn] Background Job system (Email) is offline (No local Redis detected).
2026-04-17 12:12:06:126 [warn] Redis Cache system is offline (No local Redis detected). Main functionality is unaffected.
2026-04-17 12:12:06:126 [warn] Background Job system (Scheduler) is offline (No local Redis detected).
2026-04-17 12:12:19:1219 [warn] Background Job system (Scheduler) is offline (No local Redis detected).
2026-04-17 12:12:19:1219 [warn] Redis Cache system is offline (No local Redis detected). Main functionality is unaffected.
2026-04-17 12:12:19:1219 [warn] Background Job system (Email) is offline (No local Redis detected).
2026-04-17 12:12:57:1257 [warn] Background Job system (Email) is offline (No local Redis detected).
2026-04-17 12:12:57:1257 [warn] Redis Cache system is offline (No local Redis detected). Main functionality is unaffected.
2026-04-17 12:12:57:1257 [warn] Background Job system (Scheduler) is offline (No local Redis detected).
2026-04-17 12:13:12:1312 [warn] Background Job system (Email) is offline (No local Redis detected).
2026-04-17 12:13:12:1312 [warn] Background Job system (Scheduler) is offline (No local Redis detected).
2026-04-17 12:13:12:1312 [warn] Redis Cache system is offline (No local Redis detected). Main functionality is unaffected.
2026-04-17 12:13:37:1337 [warn] Background Job system (Scheduler) is offline (No local Redis detected).
2026-04-17 12:13:37:1337 [warn] Background Job system (Email) is offline (No local Redis detected).
2026-04-17 12:13:37:1337 [warn] Redis Cache system is offline (No local Redis detected). Main functionality is unaffected.
2026-04-17 12:14:16:1416 [warn] Background Job system (Scheduler) is offline (No local Redis detected).
2026-04-17 12:14:16:1416 [warn] Background Job system (Email) is offline (No local Redis detected).
2026-04-17 12:14:16:1416 [warn] Redis Cache system is offline (No local Redis detected). Main functionality is unaffected.
2026-04-17 12:18:09:189 [warn] Background Job system (Scheduler) is offline (No local Redis detected).
2026-04-17 12:18:09:189 [warn] Redis Cache system is offline (No local Redis detected). Main functionality is unaffected.
2026-04-17 12:18:09:189 [warn] Background Job system (Email) is offline (No local Redis detected).
2026-04-17 12:24:35:2435 [warn] Background Job system (Scheduler) is offline (No local Redis detected).
2026-04-17 12:24:35:2435 [warn] Background Job system (Email) is offline (No local Redis detected).
2026-04-17 12:24:35:2435 [warn] Redis Cache system is offline (No local Redis detected). Main functionality is unaffected.
2026-04-18 10:05:49:549 [warn] Background Job system (Scheduler) is offline (No local Redis detected).
2026-04-18 10:05:49:549 [warn] Redis Cache system is offline (No local Redis detected). Main functionality is unaffected.
2026-04-18 10:05:49:549 [warn] Background Job system (Email) is offline (No local Redis detected).
2026-04-18 11:09:13:913 [warn] Background Job system (Scheduler) is offline (No local Redis detected).
2026-04-18 11:09:13:913 [warn] Redis Cache system is offline (No local Redis detected). Main functionality is unaffected.
2026-04-18 11:09:13:913 [warn] Background Job system (Email) is offline (No local Redis detected).
2026-04-20 10:19:31:1931 [warn] Background Job system (Email) is offline (No local Redis detected).
2026-04-20 10:19:31:1931 [warn] Background Job system (Scheduler) is offline (No local Redis detected).
2026-04-20 10:19:31:1931 [warn] Redis Cache system is offline (No local Redis detected). Main functionality is unaffected.
2026-04-20 10:36:04:364 [warn] Background Job system (Email) is offline (No local Redis detected).
2026-04-20 10:36:04:364 [warn] Background Job system (Scheduler) is offline (No local Redis detected).
2026-04-20 10:36:04:364 [warn] Redis Cache system is offline (No local Redis detected). Main functionality is unaffected.
2026-04-20 10:36:23:3623 [warn] Background Job system (Scheduler) is offline (No local Redis detected).
2026-04-20 10:36:23:3623 [warn] Background Job system (Email) is offline (No local Redis detected).
2026-04-20 10:36:23:3623 [warn] Redis Cache system is offline (No local Redis detected). Main functionality is unaffected.
2026-04-20 10:47:27:4727 [warn] Background Job system (Email) is offline (No local Redis detected).
2026-04-20 10:47:27:4727 [warn] Redis Cache system is offline (No local Redis detected). Main functionality is unaffected.
2026-04-20 10:47:27:4727 [warn] Background Job system (Scheduler) is offline (No local Redis detected).
2026-04-20 11:46:20:4620 [warn] Background Job system (Scheduler) is offline (No local Redis detected).
2026-04-20 11:46:20:4620 [warn] Redis Cache system is offline (No local Redis detected). Main functionality is unaffected.
2026-04-20 11:46:20:4620 [warn] Background Job system (Email) is offline (No local Redis detected).
2026-04-20 11:46:42:4642 [warn] Background Job system (Email) is offline (No local Redis detected).
2026-04-20 11:46:42:4642 [warn] Background Job system (Scheduler) is offline (No local Redis detected).
2026-04-20 11:46:42:4642 [warn] Redis Cache system is offline (No local Redis detected). Main functionality is unaffected.
2026-04-20 11:50:54:5054 [warn] Background Job system (Scheduler) is offline (No local Redis detected).
2026-04-20 11:50:54:5054 [warn] Redis Cache system is offline (No local Redis detected). Main functionality is unaffected.
2026-04-20 11:50:54:5054 [warn] Background Job system (Email) is offline (No local Redis detected).
2026-04-21 10:29:56:2956 [warn] Background Job system (Email) is offline (No local Redis detected).
2026-04-21 10:29:56:2956 [warn] Background Job system (Scheduler) is offline (No local Redis detected).
2026-04-21 10:29:56:2956 [warn] Redis Cache system is offline (No local Redis detected). Main functionality is unaffected.
2026-04-21 17:43:58:4358 [warn] Background Job system (Scheduler) is offline (No local Redis detected).
2026-04-21 17:43:58:4358 [warn] Background Job system (Email) is offline (No local Redis detected).
2026-04-21 17:43:58:4358 [warn] Redis Cache system is offline (No local Redis detected). Main functionality is unaffected.
2026-04-22 10:00:17:017 [warn] Background Job system (Email) is offline (No local Redis detected).
2026-04-22 10:00:17:017 [warn] Redis Cache system is offline (No local Redis detected). Main functionality is unaffected.
2026-04-22 10:00:17:017 [warn] Background Job system (Scheduler) is offline (No local Redis detected).
2026-04-22 13:00:30:030 [error] [ProcurementCron] SLA escalation failed: getaddrinfo ENOTFOUND ac-5fjgzq2-shard-00-00.7hkgxdu.mongodb.net
2026-04-22 14:02:34:234 [warn] Background Job system (Email) is offline (No local Redis detected).
2026-04-22 14:02:34:234 [warn] Redis Cache system is offline (No local Redis detected). Main functionality is unaffected.
2026-04-22 14:02:34:234 [warn] Background Job system (Scheduler) is offline (No local Redis detected).
2026-04-23 11:26:16:2616 [warn] Background Job system (Scheduler) is offline (No local Redis detected).
2026-04-23 11:26:16:2616 [warn] Redis Cache system is offline (No local Redis detected). Main functionality is unaffected.
2026-04-23 11:26:16:2616 [warn] Background Job system (Email) is offline (No local Redis detected).
2026-04-24 10:02:17:217 [warn] Background Job system (Scheduler) is offline (No local Redis detected).
2026-04-24 10:02:17:217 [warn] Redis Cache system is offline (No local Redis detected). Main functionality is unaffected.
2026-04-24 10:02:17:217 [warn] Background Job system (Email) is offline (No local Redis detected).
2026-04-25 10:56:28:5628 [warn] Background Job system (Scheduler) is offline (No local Redis detected).
2026-04-25 10:56:28:5628 [warn] Background Job system (Email) is offline (No local Redis detected).
2026-04-25 10:56:28:5628 [warn] Redis Cache system is offline (No local Redis detected). Main functionality is unaffected.
2026-04-25 12:27:15:2715 [warn] Background Job system (Scheduler) is offline (No local Redis detected).
2026-04-25 12:27:15:2715 [warn] Background Job system (Email) is offline (No local Redis detected).
2026-04-25 12:27:15:2715 [warn] Redis Cache system is offline (No local Redis detected). Main functionality is unaffected.
2026-04-25 12:27:29:2729 [warn] Background Job system (Email) is offline (No local Redis detected).
2026-04-25 12:27:29:2729 [warn] Background Job system (Scheduler) is offline (No local Redis detected).
2026-04-25 12:27:29:2729 [warn] Redis Cache system is offline (No local Redis detected). Main functionality is unaffected.
2026-04-25 12:27:39:2739 [warn] Background Job system (Email) is offline (No local Redis detected).
2026-04-25 12:27:39:2739 [warn] Background Job system (Scheduler) is offline (No local Redis detected).
2026-04-25 12:27:39:2739 [warn] Redis Cache system is offline (No local Redis detected). Main functionality is unaffected.
2026-04-25 12:28:17:2817 [warn] Background Job system (Scheduler) is offline (No local Redis detected).
2026-04-25 12:28:17:2817 [warn] Redis Cache system is offline (No local Redis detected). Main functionality is unaffected.
2026-04-25 12:28:17:2817 [warn] Background Job system (Email) is offline (No local Redis detected).
2026-04-25 12:28:31:2831 [warn] Background Job system (Scheduler) is offline (No local Redis detected).
2026-04-25 12:28:31:2831 [warn] Background Job system (Email) is offline (No local Redis detected).
2026-04-25 12:28:31:2831 [warn] Redis Cache system is offline (No local Redis detected). Main functionality is unaffected.
2026-04-25 12:29:04:294 [warn] Background Job system (Scheduler) is offline (No local Redis detected).
2026-04-25 12:29:04:294 [warn] Background Job system (Email) is offline (No local Redis detected).
2026-04-25 12:29:04:294 [warn] Redis Cache system is offline (No local Redis detected). Main functionality is unaffected.
2026-04-25 12:30:54:3054 [warn] Background Job system (Email) is offline (No local Redis detected).
2026-04-25 12:30:54:3054 [warn] Redis Cache system is offline (No local Redis detected). Main functionality is unaffected.
2026-04-25 12:30:54:3054 [warn] Background Job system (Scheduler) is offline (No local Redis detected).
2026-04-25 12:31:02:312 [warn] Background Job system (Email) is offline (No local Redis detected).
2026-04-25 12:31:02:312 [warn] Redis Cache system is offline (No local Redis detected). Main functionality is unaffected.
2026-04-25 12:31:02:312 [warn] Background Job system (Scheduler) is offline (No local Redis detected).
2026-04-25 12:31:09:319 [warn] Background Job system (Scheduler) is offline (No local Redis detected).
2026-04-25 12:31:09:319 [warn] Background Job system (Email) is offline (No local Redis detected).
2026-04-25 12:31:09:319 [warn] Redis Cache system is offline (No local Redis detected). Main functionality is unaffected.
2026-04-25 12:31:20:3120 [warn] Background Job system (Scheduler) is offline (No local Redis detected).
2026-04-25 12:31:20:3120 [warn] Background Job system (Email) is offline (No local Redis detected).
2026-04-25 12:31:20:3120 [warn] Redis Cache system is offline (No local Redis detected). Main functionality is unaffected.
2026-04-25 12:31:37:3137 [warn] Background Job system (Email) is offline (No local Redis detected).
2026-04-25 12:31:37:3137 [warn] Redis Cache system is offline (No local Redis detected). Main functionality is unaffected.
2026-04-25 12:31:37:3137 [warn] Background Job system (Scheduler) is offline (No local Redis detected).
2026-04-25 12:31:47:3147 [warn] Background Job system (Scheduler) is offline (No local Redis detected).
2026-04-25 12:31:47:3147 [warn] Redis Cache system is offline (No local Redis detected). Main functionality is unaffected.
2026-04-25 12:31:47:3147 [warn] Background Job system (Email) is offline (No local Redis detected).
2026-04-25 12:32:29:3229 [warn] Background Job system (Email) is offline (No local Redis detected).
2026-04-25 12:32:29:3229 [warn] Background Job system (Scheduler) is offline (No local Redis detected).
2026-04-25 12:32:29:3229 [warn] Redis Cache system is offline (No local Redis detected). Main functionality is unaffected.
2026-04-25 12:33:02:332 [warn] Background Job system (Scheduler) is offline (No local Redis detected).
2026-04-25 12:33:02:332 [warn] Background Job system (Email) is offline (No local Redis detected).
2026-04-25 12:33:02:332 [warn] Redis Cache system is offline (No local Redis detected). Main functionality is unaffected.
2026-04-25 12:45:25:4525 [warn] Background Job system (Scheduler) is offline (No local Redis detected).
2026-04-25 12:45:25:4525 [warn] Redis Cache system is offline (No local Redis detected). Main functionality is unaffected.
2026-04-25 12:45:25:4525 [warn] Background Job system (Email) is offline (No local Redis detected).
2026-04-25 12:45:33:4533 [warn] Background Job system (Email) is offline (No local Redis detected).
2026-04-25 12:45:33:4533 [warn] Background Job system (Scheduler) is offline (No local Redis detected).
2026-04-25 12:45:33:4533 [warn] Redis Cache system is offline (No local Redis detected). Main functionality is unaffected.
2026-04-25 12:45:49:4549 [warn] Background Job system (Scheduler) is offline (No local Redis detected).
2026-04-25 12:45:49:4549 [warn] Background Job system (Email) is offline (No local Redis detected).
2026-04-25 12:45:49:4549 [warn] Redis Cache system is offline (No local Redis detected). Main functionality is unaffected.
2026-04-27 10:07:22:722 [warn] Background Job system (Scheduler) is offline (No local Redis detected).
2026-04-27 10:07:22:722 [warn] Redis Cache system is offline (No local Redis detected). Main functionality is unaffected.
2026-04-27 10:07:22:722 [warn] Background Job system (Email) is offline (No local Redis detected).
2026-04-27 10:12:02:122 [warn] Background Job system (Scheduler) is offline (No local Redis detected).
2026-04-27 10:12:02:122 [warn] Redis Cache system is offline (No local Redis detected). Main functionality is unaffected.
2026-04-27 10:12:02:122 [warn] Background Job system (Email) is offline (No local Redis detected).
2026-04-28 10:00:57:057 [warn] Background Job system (Scheduler) is offline (No local Redis detected).
2026-04-28 10:00:57:057 [warn] Background Job system (Email) is offline (No local Redis detected).
2026-04-28 10:00:57:057 [warn] Redis Cache system is offline (No local Redis detected). Main functionality is unaffected.
2026-04-28 16:30:55:3055 [warn] Background Job system (Scheduler) is offline (No local Redis detected).
2026-04-28 16:30:55:3055 [warn] Background Job system (Email) is offline (No local Redis detected).
2026-04-28 16:30:55:3055 [warn] Redis Cache system is offline (No local Redis detected). Main functionality is unaffected.
