2026-02-26 14:46:41:4641 [31merror[39m: [31mRedis Connection Error: [39m
2026-02-26 14:46:41:4641 [31merror[39m: [31mRedis Connection Error: [39m
2026-02-26 14:46:41:4641 [31merror[39m: [31mRedis Connection Error: [39m
2026-02-26 14:46:41:4641 [31merror[39m: [31mRedis Connection Error: [39m
2026-02-26 14:46:41:4641 [31merror[39m: [31mRedis Connection Error: [39m
2026-02-26 14:46:41:4641 [31merror[39m: [31mRedis Connection Error: [39m
2026-02-26 14:46:41:4641 [31merror[39m: [31mRedis Connection Error: [39m
2026-02-26 14:46:41:4641 [31merror[39m: [31mRedis Connection Error: [39m
2026-02-26 14:46:41:4641 [31merror[39m: [31mRedis Connection Error: [39m
2026-02-26 14:46:42:4642 [31merror[39m: [31mRedis Connection Error: [39m
2026-02-26 14:46:42:4642 [31merror[39m: [31mRedis Connection Error: [39m
2026-02-26 14:46:42:4642 [31merror[39m: [31mRedis Connection Error: [39m
2026-02-26 14:46:42:4642 [31merror[39m: [31mRedis Connection Error: [39m
2026-02-26 14:46:42:4642 [31merror[39m: [31mRedis Connection Error: [39m
2026-02-26 14:46:42:4642 [31merror[39m: [31mRedis Connection Error: [39m
2026-02-26 14:46:43:4643 [31merror[39m: [31mRedis Connection Error: [39m
2026-02-26 14:46:43:4643 [31merror[39m: [31mRedis Connection Error: [39m
2026-02-26 14:46:43:4643 [31merror[39m: [31mRedis Connection Error: [39m
2026-02-26 14:46:43:4643 [31merror[39m: [31mRedis Connection Error: [39m
2026-02-26 14:46:44:4644 [31merror[39m: [31mRedis Connection Error: [39m
2026-02-26 14:46:44:4644 [31merror[39m: [31mRedis Connection Error: [39m
2026-02-26 14:46:44:4644 [31merror[39m: [31mRedis Connection Error: [39m
2026-02-26 14:46:44:4644 [31merror[39m: [31mRedis Connection Error: [39m
2026-02-26 14:46:45:4645 [31merror[39m: [31mRedis Connection Error: [39m
2026-02-26 14:46:45:4645 [31merror[39m: [31mRedis Connection Error: [39m
2026-02-26 14:46:45:4645 [31merror[39m: [31mRedis Connection Error: [39m
2026-02-26 14:46:46:4646 [31merror[39m: [31mRedis Connection Error: [39m
2026-02-26 14:46:46:4646 [31merror[39m: [31mRedis Connection Error: [39m
2026-02-26 14:46:46:4646 [31merror[39m: [31mRedis Connection Error: [39m
2026-02-26 14:46:47:4647 [31merror[39m: [31mRedis Connection Error: [39m
2026-02-26 14:46:47:4647 [31merror[39m: [31mRedis Connection Error: [39m
2026-02-26 14:46:47:4647 [31merror[39m: [31mRedis Connection Error: [39m
2026-02-26 14:46:48:4648 [31merror[39m: [31mRedis Connection Error: [39m
2026-02-26 14:46:48:4648 [31merror[39m: [31mRedis Connection Error: [39m
2026-02-26 14:46:49:4649 [31merror[39m: [31mRedis Connection Error: [39m
2026-02-26 14:46:49:4649 [31merror[39m: [31mRedis Connection Error: [39m
2026-02-26 14:46:50:4650 [31merror[39m: [31mRedis Connection Error: [39m
2026-02-26 14:46:50:4650 [31merror[39m: [31mRedis Connection Error: [39m
2026-02-26 14:46:51:4651 [31merror[39m: [31mRedis Connection Error: [39m
2026-02-26 14:46:51:4651 [31merror[39m: [31mRedis Connection Error: [39m
2026-02-26 14:46:52:4652 [31merror[39m: [31mRedis Connection Error: [39m
2026-02-26 14:46:52:4652 [31merror[39m: [31mRedis Connection Error: [39m
2026-02-26 14:46:53:4653 [31merror[39m: [31mRedis Connection Error: [39m
2026-02-26 14:46:53:4653 [31merror[39m: [31mRedis Connection Error: [39m
2026-02-26 14:46:54:4654 [31merror[39m: [31mRedis Connection Error: [39m
2026-02-26 14:46:54:4654 [31merror[39m: [31mRedis Connection Error: [39m
2026-02-26 14:46:55:4655 [31merror[39m: [31mRedis Connection Error: [39m
2026-02-26 14:46:55:4655 [31merror[39m: [31mRedis Connection Error: [39m
2026-02-26 14:46:56:4656 [31merror[39m: [31mRedis Connection Error: [39m
2026-02-26 14:46:57:4657 [31merror[39m: [31mRedis Connection Error: [39m
2026-02-26 14:46:57:4657 [31merror[39m: [31mRedis Connection Error: [39m
2026-02-26 14:46:58:4658 [31merror[39m: [31mRedis Connection Error: [39m
2026-02-26 14:46:59:4659 [31merror[39m: [31mRedis Connection Error: [39m
2026-02-26 14:46:59:4659 [31merror[39m: [31mTypeError: Cannot set property query of #<IncomingMessage> which has only a getter [39m
[31m TypeError: Cannot set property query of #<IncomingMessage> which has only a getter[39m
[31m    at C:\vendor-management-system\backend\node_modules\xss-clean\lib\index.js:8:30[39m
[31m    at Layer.handleRequest (C:\vendor-management-system\backend\node_modules\router\lib\layer.js:152:17)[39m
[31m    at trimPrefix (C:\vendor-management-system\backend\node_modules\router\index.js:342:13)[39m
[31m    at C:\vendor-management-system\backend\node_modules\router\index.js:297:9[39m
[31m    at processParams (C:\vendor-management-system\backend\node_modules\router\index.js:582:12)[39m
[31m    at next (C:\vendor-management-system\backend\node_modules\router\index.js:291:5)[39m
[31m    at sanitizeRequest (C:\vendor-management-system\backend\middleware\securityMiddleware.js:37:5)[39m
[31m    at Layer.handleRequest (C:\vendor-management-system\backend\node_modules\router\lib\layer.js:152:17)[39m
[31m    at trimPrefix (C:\vendor-management-system\backend\node_modules\router\index.js:342:13)[39m
[31m    at C:\vendor-management-system\backend\node_modules\router\index.js:297:9[39m
2026-02-26 14:46:59:4659 [31merror[39m: [31mRedis Connection Error: [39m
2026-02-26 14:47:00:470 [31merror[39m: [31mRedis Connection Error: [39m
2026-02-26 14:47:01:471 [31merror[39m: [31mRedis Connection Error: [39m
2026-02-26 14:47:02:472 [31merror[39m: [31mRedis Connection Error: [39m
2026-02-26 14:47:02:472 [31merror[39m: [31mRedis Connection Error: [39m
2026-02-26 14:47:03:473 [31merror[39m: [31mRedis Connection Error: [39m
2026-02-26 14:47:03:473 [31merror[39m: [31mRedis Connection Error: [39m
2026-02-26 14:47:05:475 [31merror[39m: [31mRedis Connection Error: [39m
2026-02-26 14:47:05:475 [31merror[39m: [31mRedis Connection Error: [39m
2026-02-26 14:47:06:476 [31merror[39m: [31mRedis Connection Error: [39m
2026-02-26 14:47:07:477 [31merror[39m: [31mRedis Connection Error: [39m
2026-02-26 14:47:08:478 [31merror[39m: [31mRedis Connection Error: [39m
2026-02-26 14:47:08:478 [31merror[39m: [31mRedis Connection Error: [39m
2026-02-26 14:47:09:479 [31merror[39m: [31mRedis Connection Error: [39m
2026-02-26 14:47:10:4710 [31merror[39m: [31mRedis Connection Error: [39m
2026-02-26 14:47:11:4711 [31merror[39m: [31mRedis Connection Error: [39m
2026-02-26 14:47:12:4712 [31merror[39m: [31mRedis Connection Error: [39m
2026-02-26 14:47:13:4713 [31merror[39m: [31mRedis Connection Error: [39m
2026-02-26 14:47:13:4713 [31merror[39m: [31mRedis Connection Error: [39m
2026-02-26 14:47:18:4718 [31merror[39m: [31mRedis Connection Error: [39m
2026-02-26 14:47:18:4718 [31merror[39m: [31mRedis Connection Error: [39m
2026-02-26 14:47:18:4718 [31merror[39m: [31mRedis Connection Error: [39m
2026-02-26 14:47:18:4718 [31merror[39m: [31mRedis Connection Error: [39m
2026-02-26 14:47:18:4718 [31merror[39m: [31mRedis Connection Error: [39m
2026-02-26 14:47:18:4718 [31merror[39m: [31mRedis Connection Error: [39m
2026-02-26 14:47:18:4718 [31merror[39m: [31mRedis Connection Error: [39m
2026-02-26 14:47:18:4718 [31merror[39m: [31mRedis Connection Error: [39m
2026-02-26 14:47:18:4718 [31merror[39m: [31mRedis Connection Error: [39m
2026-02-26 14:47:19:4719 [31merror[39m: [31mRedis Connection Error: [39m
2026-02-26 14:47:19:4719 [31merror[39m: [31mRedis Connection Error: [39m
2026-02-26 14:47:19:4719 [31merror[39m: [31mRedis Connection Error: [39m
2026-02-26 14:47:19:4719 [31merror[39m: [31mRedis Connection Error: [39m
2026-02-26 14:47:19:4719 [31merror[39m: [31mRedis Connection Error: [39m
2026-02-26 14:47:19:4719 [31merror[39m: [31mRedis Connection Error: [39m
2026-02-26 14:47:20:4720 [31merror[39m: [31mRedis Connection Error: [39m
2026-02-26 14:47:20:4720 [31merror[39m: [31mRedis Connection Error: [39m
2026-02-26 14:47:20:4720 [31merror[39m: [31mRedis Connection Error: [39m
2026-02-26 14:47:20:4720 [31merror[39m: [31mRedis Connection Error: [39m
2026-02-26 14:47:20:4720 [31merror[39m: [31mRedis Connection Error: [39m
2026-02-26 14:47:21:4721 [31merror[39m: [31mRedis Connection Error: [39m
2026-02-26 14:47:21:4721 [31merror[39m: [31mRedis Connection Error: [39m
2026-02-26 14:47:21:4721 [31merror[39m: [31mRedis Connection Error: [39m
2026-02-26 14:47:22:4722 [31merror[39m: [31mRedis Connection Error: [39m
2026-02-26 14:47:22:4722 [31merror[39m: [31mRedis Connection Error: [39m
2026-02-26 14:47:22:4722 [31merror[39m: [31mRedis Connection Error: [39m
2026-02-26 14:47:23:4723 [31merror[39m: [31mRedis Connection Error: [39m
2026-02-26 14:47:23:4723 [31merror[39m: [31mRedis Connection Error: [39m
2026-02-26 14:47:23:4723 [31merror[39m: [31mRedis Connection Error: [39m
2026-02-26 14:47:24:4724 [31merror[39m: [31mRedis Connection Error: [39m
2026-02-26 14:47:24:4724 [31merror[39m: [31mRedis Connection Error: [39m
2026-02-26 14:47:24:4724 [31merror[39m: [31mRedis Connection Error: [39m
2026-02-26 14:47:25:4725 [31merror[39m: [31mRedis Connection Error: [39m
2026-02-26 14:47:25:4725 [31merror[39m: [31mRedis Connection Error: [39m
2026-02-26 14:47:26:4726 [31merror[39m: [31mRedis Connection Error: [39m
2026-02-26 14:47:26:4726 [31merror[39m: [31mRedis Connection Error: [39m
2026-02-26 14:47:27:4727 [31merror[39m: [31mRedis Connection Error: [39m
2026-02-26 14:47:27:4727 [31merror[39m: [31mRedis Connection Error: [39m
2026-02-26 14:47:28:4728 [31merror[39m: [31mRedis Connection Error: [39m
2026-02-26 14:47:28:4728 [31merror[39m: [31mRedis Connection Error: [39m
2026-02-26 14:47:29:4729 [31merror[39m: [31mRedis Connection Error: [39m
2026-02-26 14:47:29:4729 [31merror[39m: [31mRedis Connection Error: [39m
2026-02-26 14:47:30:4730 [31merror[39m: [31mRedis Connection Error: [39m
2026-02-26 14:47:30:4730 [31merror[39m: [31mRedis Connection Error: [39m
2026-02-26 14:47:31:4731 [31merror[39m: [31mRedis Connection Error: [39m
2026-02-26 14:47:31:4731 [31merror[39m: [31mRedis Connection Error: [39m
2026-02-26 14:47:32:4732 [31merror[39m: [31mRedis Connection Error: [39m
2026-02-26 14:47:32:4732 [31merror[39m: [31mRedis Connection Error: [39m
2026-02-26 14:47:33:4733 [31merror[39m: [31mRedis Connection Error: [39m
2026-02-26 14:47:33:4733 [31merror[39m: [31mRedis Connection Error: [39m
2026-02-26 14:47:34:4734 [31merror[39m: [31mRedis Connection Error: [39m
2026-02-26 14:47:35:4735 [31merror[39m: [31mRedis Connection Error: [39m
2026-02-26 14:47:36:4736 [31merror[39m: [31mRedis Connection Error: [39m
2026-02-26 14:47:36:4736 [31merror[39m: [31mRedis Connection Error: [39m
2026-02-26 14:47:37:4737 [31merror[39m: [31mRedis Connection Error: [39m
2026-02-26 14:47:37:4737 [31merror[39m: [31mRedis Connection Error: [39m
2026-02-26 14:47:38:4738 [31merror[39m: [31mRedis Connection Error: [39m
2026-02-26 14:47:39:4739 [31merror[39m: [31mRedis Connection Error: [39m
2026-02-26 14:47:40:4740 [31merror[39m: [31mRedis Connection Error: [39m
2026-02-26 14:47:40:4740 [31merror[39m: [31mTypeError: Cannot set property query of #<IncomingMessage> which has only a getter [39m
[31m TypeError: Cannot set property query of #<IncomingMessage> which has only a getter[39m
[31m    at C:\vendor-management-system\backend\node_modules\xss-clean\lib\index.js:8:30[39m
[31m    at Layer.handleRequest (C:\vendor-management-system\backend\node_modules\router\lib\layer.js:152:17)[39m
[31m    at trimPrefix (C:\vendor-management-system\backend\node_modules\router\index.js:342:13)[39m
[31m    at C:\vendor-management-system\backend\node_modules\router\index.js:297:9[39m
[31m    at processParams (C:\vendor-management-system\backend\node_modules\router\index.js:582:12)[39m
[31m    at next (C:\vendor-management-system\backend\node_modules\router\index.js:291:5)[39m
[31m    at sanitizeRequest (C:\vendor-management-system\backend\middleware\securityMiddleware.js:49:9)[39m
[31m    at Layer.handleRequest (C:\vendor-management-system\backend\node_modules\router\lib\layer.js:152:17)[39m
[31m    at trimPrefix (C:\vendor-management-system\backend\node_modules\router\index.js:342:13)[39m
[31m    at C:\vendor-management-system\backend\node_modules\router\index.js:297:9[39m
2026-02-26 14:47:40:4740 [31merror[39m: [31mRedis Connection Error: [39m
2026-02-26 14:47:41:4741 [31merror[39m: [31mRedis Connection Error: [39m
2026-02-26 14:47:42:4742 [31merror[39m: [31mRedis Connection Error: [39m
2026-02-26 14:47:43:4743 [31merror[39m: [31mRedis Connection Error: [39m
2026-02-26 14:47:43:4743 [31merror[39m: [31mRedis Connection Error: [39m
2026-02-26 14:47:45:4745 [31merror[39m: [31mRedis Connection Error: [39m
2026-02-26 14:47:45:4745 [31merror[39m: [31mRedis Connection Error: [39m
2026-02-26 14:47:46:4746 [31merror[39m: [31mRedis Connection Error: [39m
2026-02-26 14:47:47:4747 [31merror[39m: [31mRedis Connection Error: [39m
2026-02-26 14:47:48:4748 [31merror[39m: [31mRedis Connection Error: [39m
2026-02-26 14:47:48:4748 [31merror[39m: [31mRedis Connection Error: [39m
2026-02-26 14:47:50:4750 [31merror[39m: [31mRedis Connection Error: [39m
2026-02-26 14:47:50:4750 [31merror[39m: [31mRedis Connection Error: [39m
2026-02-26 14:47:52:4752 [31merror[39m: [31mRedis Connection Error: [39m
2026-02-26 14:47:52:4752 [31merror[39m: [31mRedis Connection Error: [39m
2026-02-26 14:47:53:4753 [31merror[39m: [31mRedis Connection Error: [39m
2026-02-26 14:47:54:4754 [31merror[39m: [31mRedis Connection Error: [39m
2026-02-26 14:47:55:4755 [31merror[39m: [31mRedis Connection Error: [39m
2026-02-26 14:47:56:4756 [31merror[39m: [31mRedis Connection Error: [39m
2026-02-26 14:47:57:4757 [31merror[39m: [31mRedis Connection Error: [39m
2026-02-26 14:47:58:4758 [31merror[39m: [31mRedis Connection Error: [39m
2026-02-26 14:47:59:4759 [31merror[39m: [31mRedis Connection Error: [39m
2026-02-26 14:48:00:480 [31merror[39m: [31mRedis Connection Error: [39m
2026-02-26 14:48:01:481 [31merror[39m: [31mRedis Connection Error: [39m
2026-02-26 14:48:02:482 [31merror[39m: [31mRedis Connection Error: [39m
2026-02-26 14:48:03:483 [31merror[39m: [31mRedis Connection Error: [39m
2026-02-26 14:48:08:488 [31merror[39m: [31mRedis Connection Error: [39m
2026-02-26 14:48:08:488 [31merror[39m: [31mRedis Connection Error: [39m
2026-02-26 14:48:08:488 [31merror[39m: [31mRedis Connection Error: [39m
2026-02-26 14:48:08:488 [31merror[39m: [31mRedis Connection Error: [39m
2026-02-26 14:48:08:488 [31merror[39m: [31mRedis Connection Error: [39m
2026-02-26 14:48:08:488 [31merror[39m: [31mRedis Connection Error: [39m
2026-02-26 14:48:08:488 [31merror[39m: [31mRedis Connection Error: [39m
2026-02-26 14:48:08:488 [31merror[39m: [31mRedis Connection Error: [39m
2026-02-26 14:48:08:488 [31merror[39m: [31mRedis Connection Error: [39m
2026-02-26 14:48:09:489 [31merror[39m: [31mRedis Connection Error: [39m
2026-02-26 14:48:09:489 [31merror[39m: [31mRedis Connection Error: [39m
2026-02-26 14:48:09:489 [31merror[39m: [31mRedis Connection Error: [39m
2026-02-26 14:48:09:489 [31merror[39m: [31mRedis Connection Error: [39m
2026-02-26 14:48:09:489 [31merror[39m: [31mRedis Connection Error: [39m
2026-02-26 14:48:09:489 [31merror[39m: [31mRedis Connection Error: [39m
2026-02-26 14:48:09:489 [31merror[39m: [31mRedis Connection Error: [39m
2026-02-26 14:48:10:4810 [31merror[39m: [31mRedis Connection Error: [39m
2026-02-26 14:48:10:4810 [31merror[39m: [31mRedis Connection Error: [39m
2026-02-26 14:48:10:4810 [31merror[39m: [31mRedis Connection Error: [39m
2026-02-26 14:48:10:4810 [31merror[39m: [31mRedis Connection Error: [39m
2026-02-26 14:48:11:4811 [31merror[39m: [31mRedis Connection Error: [39m
2026-02-26 14:48:11:4811 [31merror[39m: [31mRedis Connection Error: [39m
2026-02-26 14:48:11:4811 [31merror[39m: [31mRedis Connection Error: [39m
2026-02-26 14:48:11:4811 [31merror[39m: [31mRedis Connection Error: [39m
2026-02-26 14:48:12:4812 [31merror[39m: [31mTypeError: Cannot set property query of #<IncomingMessage> which has only a getter [39m
[31m TypeError: Cannot set property query of #<IncomingMessage> which has only a getter[39m
[31m    at C:\vendor-management-system\backend\node_modules\xss-clean\lib\index.js:8:30[39m
[31m    at Layer.handleRequest (C:\vendor-management-system\backend\node_modules\router\lib\layer.js:152:17)[39m
[31m    at trimPrefix (C:\vendor-management-system\backend\node_modules\router\index.js:342:13)[39m
[31m    at C:\vendor-management-system\backend\node_modules\router\index.js:297:9[39m
[31m    at processParams (C:\vendor-management-system\backend\node_modules\router\index.js:582:12)[39m
[31m    at next (C:\vendor-management-system\backend\node_modules\router\index.js:291:5)[39m
[31m    at sanitizeRequest (C:\vendor-management-system\backend\middleware\securityMiddleware.js:37:5)[39m
[31m    at Layer.handleRequest (C:\vendor-management-system\backend\node_modules\router\lib\layer.js:152:17)[39m
[31m    at trimPrefix (C:\vendor-management-system\backend\node_modules\router\index.js:342:13)[39m
[31m    at C:\vendor-management-system\backend\node_modules\router\index.js:297:9[39m
2026-02-26 14:48:12:4812 [31merror[39m: [31mRedis Connection Error: [39m
2026-02-26 14:48:12:4812 [31merror[39m: [31mRedis Connection Error: [39m
2026-02-26 14:48:13:4813 [31merror[39m: [31mRedis Connection Error: [39m
2026-02-26 14:48:13:4813 [31merror[39m: [31mRedis Connection Error: [39m
2026-02-26 14:48:13:4813 [31merror[39m: [31mRedis Connection Error: [39m
2026-02-26 14:48:13:4813 [31merror[39m: [31mRedis Connection Error: [39m
2026-02-26 14:48:14:4814 [31merror[39m: [31mRedis Connection Error: [39m
2026-02-26 14:48:14:4814 [31merror[39m: [31mRedis Connection Error: [39m
2026-02-26 14:48:15:4815 [31merror[39m: [31mRedis Connection Error: [39m
2026-02-26 14:48:15:4815 [31merror[39m: [31mRedis Connection Error: [39m
2026-02-26 14:48:16:4816 [31merror[39m: [31mRedis Connection Error: [39m
2026-02-26 14:48:16:4816 [31merror[39m: [31mRedis Connection Error: [39m
2026-02-26 14:48:17:4817 [31merror[39m: [31mRedis Connection Error: [39m
2026-02-26 14:48:17:4817 [31merror[39m: [31mRedis Connection Error: [39m
2026-02-26 14:48:18:4818 [31merror[39m: [31mRedis Connection Error: [39m
2026-02-26 14:48:18:4818 [31merror[39m: [31mRedis Connection Error: [39m
2026-02-26 14:48:19:4819 [31merror[39m: [31mRedis Connection Error: [39m
2026-02-26 14:48:19:4819 [31merror[39m: [31mRedis Connection Error: [39m
2026-02-26 14:48:20:4820 [31merror[39m: [31mRedis Connection Error: [39m
2026-02-26 14:48:20:4820 [31merror[39m: [31mRedis Connection Error: [39m
2026-02-26 14:48:21:4821 [31merror[39m: [31mRedis Connection Error: [39m
2026-02-26 14:48:21:4821 [31merror[39m: [31mRedis Connection Error: [39m
2026-02-26 14:48:26:4826 [31merror[39m: [31mRedis Connection Error: [39m
2026-02-26 14:48:26:4826 [31merror[39m: [31mRedis Connection Error: [39m
2026-02-26 14:48:26:4826 [31merror[39m: [31mRedis Connection Error: [39m
2026-02-26 14:48:26:4826 [31merror[39m: [31mRedis Connection Error: [39m
2026-02-26 14:48:26:4826 [31merror[39m: [31mRedis Connection Error: [39m
2026-02-26 14:48:26:4826 [31merror[39m: [31mRedis Connection Error: [39m
2026-02-26 14:48:27:4827 [31merror[39m: [31mRedis Connection Error: [39m
2026-02-26 14:48:27:4827 [31merror[39m: [31mRedis Connection Error: [39m
2026-02-26 14:48:27:4827 [31merror[39m: [31mRedis Connection Error: [39m
2026-02-26 14:48:27:4827 [31merror[39m: [31mRedis Connection Error: [39m
2026-02-26 14:48:27:4827 [31merror[39m: [31mRedis Connection Error: [39m
2026-02-26 14:48:27:4827 [31merror[39m: [31mRedis Connection Error: [39m
2026-02-26 14:48:27:4827 [31merror[39m: [31mRedis Connection Error: [39m
2026-02-26 14:48:28:4828 [31merror[39m: [31mRedis Connection Error: [39m
2026-02-26 14:48:28:4828 [31merror[39m: [31mRedis Connection Error: [39m
2026-02-26 14:48:28:4828 [31merror[39m: [31mRedis Connection Error: [39m
2026-02-26 14:48:28:4828 [31merror[39m: [31mRedis Connection Error: [39m
2026-02-26 14:48:28:4828 [31merror[39m: [31mRedis Connection Error: [39m
2026-02-26 14:48:28:4828 [31merror[39m: [31mRedis Connection Error: [39m
2026-02-26 14:48:29:4829 [31merror[39m: [31mRedis Connection Error: [39m
2026-02-26 14:48:29:4829 [31merror[39m: [31mRedis Connection Error: [39m
2026-02-26 14:48:29:4829 [31merror[39m: [31mRedis Connection Error: [39m
2026-02-26 14:48:30:4830 [31merror[39m: [31mRedis Connection Error: [39m
2026-02-26 14:48:30:4830 [31merror[39m: [31mRedis Connection Error: [39m
2026-02-26 14:48:30:4830 [31merror[39m: [31mRedis Connection Error: [39m
2026-02-26 14:48:30:4830 [31merror[39m: [31mRedis Connection Error: [39m
2026-02-26 14:48:31:4831 [31merror[39m: [31mRedis Connection Error: [39m
2026-02-26 14:48:31:4831 [31merror[39m: [31mRedis Connection Error: [39m
2026-02-26 14:48:31:4831 [31merror[39m: [31mRedis Connection Error: [39m
2026-02-26 14:48:32:4832 [31merror[39m: [31mRedis Connection Error: [39m
2026-02-26 14:48:32:4832 [31merror[39m: [31mRedis Connection Error: [39m
2026-02-26 14:48:33:4833 [31merror[39m: [31mRedis Connection Error: [39m
2026-02-26 14:48:33:4833 [31merror[39m: [31mRedis Connection Error: [39m
2026-02-26 14:48:33:4833 [31merror[39m: [31mRedis Connection Error: [39m
2026-02-26 14:48:34:4834 [31merror[39m: [31mRedis Connection Error: [39m
2026-02-26 14:48:34:4834 [31merror[39m: [31mRedis Connection Error: [39m
2026-02-26 14:48:35:4835 [31merror[39m: [31mRedis Connection Error: [39m
2026-02-26 14:48:35:4835 [31merror[39m: [31mRedis Connection Error: [39m
2026-02-26 14:48:36:4836 [31merror[39m: [31mRedis Connection Error: [39m
2026-02-26 14:48:36:4836 [31merror[39m: [31mRedis Connection Error: [39m
2026-02-26 14:48:37:4837 [31merror[39m: [31mRedis Connection Error: [39m
2026-02-26 14:48:37:4837 [31merror[39m: [31mRedis Connection Error: [39m
2026-02-26 14:48:38:4838 [31merror[39m: [31mRedis Connection Error: [39m
2026-02-26 14:48:38:4838 [31merror[39m: [31mRedis Connection Error: [39m
2026-02-26 14:48:39:4839 [31merror[39m: [31mRedis Connection Error: [39m
2026-02-26 14:48:39:4839 [31merror[39m: [31mRedis Connection Error: [39m
2026-02-26 14:48:40:4840 [31merror[39m: [31mRedis Connection Error: [39m
2026-02-26 14:48:40:4840 [31merror[39m: [31mRedis Connection Error: [39m
2026-02-26 14:48:41:4841 [31merror[39m: [31mRedis Connection Error: [39m
2026-02-26 14:48:42:4842 [31merror[39m: [31mRedis Connection Error: [39m
2026-02-26 14:48:43:4843 [31merror[39m: [31mRedis Connection Error: [39m
2026-02-26 14:48:43:4843 [31merror[39m: [31mRedis Connection Error: [39m
2026-02-26 14:48:44:4844 [31merror[39m: [31mRedis Connection Error: [39m
2026-02-26 14:48:44:4844 [31merror[39m: [31mRedis Connection Error: [39m
2026-02-26 14:48:45:4845 [31merror[39m: [31mRedis Connection Error: [39m
2026-02-26 14:48:46:4846 [31merror[39m: [31mRedis Connection Error: [39m
2026-02-26 14:48:47:4847 [31merror[39m: [31mRedis Connection Error: [39m
2026-02-26 14:48:47:4847 [31merror[39m: [31mRedis Connection Error: [39m
2026-02-26 14:48:48:4848 [31merror[39m: [31mRedis Connection Error: [39m
2026-02-26 14:48:49:4849 [31merror[39m: [31mRedis Connection Error: [39m
2026-02-26 14:48:50:4850 [31merror[39m: [31mRedis Connection Error: [39m
2026-02-26 14:48:50:4850 [31merror[39m: [31mRedis Connection Error: [39m
2026-02-26 14:48:51:4851 [31merror[39m: [31mRedis Connection Error: [39m
2026-02-26 14:48:52:4852 [31merror[39m: [31mRedis Connection Error: [39m
2026-02-26 14:48:53:4853 [31merror[39m: [31mRedis Connection Error: [39m
2026-02-26 14:48:53:4853 [31merror[39m: [31mRedis Connection Error: [39m
2026-02-26 14:48:55:4855 [31merror[39m: [31mRedis Connection Error: [39m
2026-02-26 14:48:55:4855 [31merror[39m: [31mRedis Connection Error: [39m
2026-02-26 14:48:56:4856 [31merror[39m: [31mRedis Connection Error: [39m
2026-02-26 14:48:57:4857 [31merror[39m: [31mRedis Connection Error: [39m
2026-02-26 14:48:58:4858 [31merror[39m: [31mRedis Connection Error: [39m
2026-02-26 14:48:58:4858 [31merror[39m: [31mRedis Connection Error: [39m
2026-02-26 14:49:00:490 [31merror[39m: [31mRedis Connection Error: [39m
2026-02-26 14:49:00:490 [31merror[39m: [31mRedis Connection Error: [39m
2026-02-26 14:49:02:492 [31merror[39m: [31mRedis Connection Error: [39m
2026-02-26 14:49:02:492 [31merror[39m: [31mRedis Connection Error: [39m
2026-02-26 14:49:04:494 [31merror[39m: [31mRedis Connection Error: [39m
2026-02-26 14:49:04:494 [31merror[39m: [31mRedis Connection Error: [39m
2026-02-26 14:49:06:496 [31merror[39m: [31mRedis Connection Error: [39m
2026-02-26 14:49:06:496 [31merror[39m: [31mRedis Connection Error: [39m
2026-02-26 14:49:08:498 [31merror[39m: [31mRedis Connection Error: [39m
2026-02-26 14:49:08:498 [31merror[39m: [31mRedis Connection Error: [39m
2026-02-26 14:49:10:4910 [31merror[39m: [31mRedis Connection Error: [39m
2026-02-26 14:49:10:4910 [31merror[39m: [31mRedis Connection Error: [39m
2026-02-26 14:49:12:4912 [31merror[39m: [31mRedis Connection Error: [39m
2026-02-26 14:49:12:4912 [31merror[39m: [31mRedis Connection Error: [39m
2026-02-26 14:49:14:4914 [31merror[39m: [31mRedis Connection Error: [39m
2026-02-26 14:49:14:4914 [31merror[39m: [31mRedis Connection Error: [39m
2026-02-26 14:49:16:4916 [31merror[39m: [31mRedis Connection Error: [39m
2026-02-26 14:49:16:4916 [31merror[39m: [31mRedis Connection Error: [39m
2026-02-26 14:49:18:4918 [31merror[39m: [31mRedis Connection Error: [39m
2026-02-26 14:49:18:4918 [31merror[39m: [31mRedis Connection Error: [39m
2026-02-26 14:49:20:4920 [31merror[39m: [31mRedis Connection Error: [39m
2026-02-26 14:49:20:4920 [31merror[39m: [31mRedis Connection Error: [39m
2026-02-26 14:49:22:4922 [31merror[39m: [31mRedis Connection Error: [39m
2026-02-26 14:49:22:4922 [31merror[39m: [31mRedis Connection Error: [39m
2026-02-26 14:49:24:4924 [31merror[39m: [31mRedis Connection Error: [39m
2026-02-26 14:49:24:4924 [31merror[39m: [31mRedis Connection Error: [39m
2026-02-26 14:49:26:4926 [31merror[39m: [31mRedis Connection Error: [39m
2026-02-26 14:49:26:4926 [31merror[39m: [31mRedis Connection Error: [39m
2026-02-26 14:49:28:4928 [31merror[39m: [31mRedis Connection Error: [39m
2026-02-26 14:49:28:4928 [31merror[39m: [31mRedis Connection Error: [39m
2026-02-26 14:49:30:4930 [31merror[39m: [31mRedis Connection Error: [39m
2026-02-26 14:49:34:4934 [31merror[39m: [31mRedis Connection Error: [39m
2026-02-26 14:49:34:4934 [31merror[39m: [31mRedis Connection Error: [39m
2026-02-26 14:49:34:4934 [31merror[39m: [31mRedis Connection Error: [39m
2026-02-26 14:49:34:4934 [31merror[39m: [31mRedis Connection Error: [39m
2026-02-26 14:49:34:4934 [31merror[39m: [31mRedis Connection Error: [39m
2026-02-26 14:49:34:4934 [31merror[39m: [31mRedis Connection Error: [39m
2026-02-26 14:49:34:4934 [31merror[39m: [31mRedis Connection Error: [39m
2026-02-26 14:49:34:4934 [31merror[39m: [31mRedis Connection Error: [39m
2026-02-26 14:49:34:4934 [31merror[39m: [31mRedis Connection Error: [39m
2026-02-26 14:49:35:4935 [31merror[39m: [31mRedis Connection Error: [39m
2026-02-26 14:49:35:4935 [31merror[39m: [31mRedis Connection Error: [39m
2026-02-26 14:49:35:4935 [31merror[39m: [31mRedis Connection Error: [39m
2026-02-26 14:49:35:4935 [31merror[39m: [31mRedis Connection Error: [39m
2026-02-26 14:49:35:4935 [31merror[39m: [31mRedis Connection Error: [39m
2026-02-26 14:49:35:4935 [31merror[39m: [31mRedis Connection Error: [39m
2026-02-26 14:49:36:4936 [31merror[39m: [31mRedis Connection Error: [39m
2026-02-26 14:49:36:4936 [31merror[39m: [31mRedis Connection Error: [39m
2026-02-26 14:49:36:4936 [31merror[39m: [31mRedis Connection Error: [39m
2026-02-26 14:49:36:4936 [31merror[39m: [31mRedis Connection Error: [39m
2026-02-26 14:49:37:4937 [31merror[39m: [31mRedis Connection Error: [39m
2026-02-26 14:49:37:4937 [31merror[39m: [31mRedis Connection Error: [39m
2026-02-26 14:49:37:4937 [31merror[39m: [31mRedis Connection Error: [39m
2026-02-26 14:49:37:4937 [31merror[39m: [31mRedis Connection Error: [39m
2026-02-26 14:49:38:4938 [31merror[39m: [31mRedis Connection Error: [39m
2026-02-26 14:49:38:4938 [31merror[39m: [31mRedis Connection Error: [39m
2026-02-26 14:49:38:4938 [31merror[39m: [31mRedis Connection Error: [39m
2026-02-26 14:49:39:4939 [31merror[39m: [31mRedis Connection Error: [39m
2026-02-26 14:49:39:4939 [31merror[39m: [31mRedis Connection Error: [39m
2026-02-26 14:49:39:4939 [31merror[39m: [31mRedis Connection Error: [39m
2026-02-26 14:49:40:4940 [31merror[39m: [31mRedis Connection Error: [39m
2026-02-26 14:49:40:4940 [31merror[39m: [31mRedis Connection Error: [39m
2026-02-26 14:49:40:4940 [31merror[39m: [31mRedis Connection Error: [39m
2026-02-26 14:49:41:4941 [31merror[39m: [31mRedis Connection Error: [39m
2026-02-26 14:49:41:4941 [31merror[39m: [31mRedis Connection Error: [39m
2026-02-26 14:49:42:4942 [31merror[39m: [31mRedis Connection Error: [39m
2026-02-26 14:49:42:4942 [31merror[39m: [31mRedis Connection Error: [39m
2026-02-26 14:49:43:4943 [31merror[39m: [31mRedis Connection Error: [39m
2026-02-26 14:49:43:4943 [31merror[39m: [31mRedis Connection Error: [39m
2026-02-26 14:49:44:4944 [31merror[39m: [31mRedis Connection Error: [39m
2026-02-26 14:49:44:4944 [31merror[39m: [31mRedis Connection Error: [39m
2026-02-26 14:49:45:4945 [31merror[39m: [31mRedis Connection Error: [39m
2026-02-26 14:49:45:4945 [31merror[39m: [31mRedis Connection Error: [39m
2026-02-26 14:49:46:4946 [31merror[39m: [31mRedis Connection Error: [39m
2026-02-26 14:49:46:4946 [31merror[39m: [31mRedis Connection Error: [39m
2026-02-26 14:49:47:4947 [31merror[39m: [31mRedis Connection Error: [39m
2026-02-26 14:49:47:4947 [31merror[39m: [31mRedis Connection Error: [39m
2026-02-26 14:49:52:4952 [31merror[39m: [31mRedis Connection Error: [39m
2026-02-26 14:49:52:4952 [31merror[39m: [31mRedis Connection Error: [39m
2026-02-26 14:49:52:4952 [31merror[39m: [31mRedis Connection Error: [39m
2026-02-26 14:49:52:4952 [31merror[39m: [31mRedis Connection Error: [39m
2026-02-26 14:49:52:4952 [31merror[39m: [31mRedis Connection Error: [39m
2026-02-26 14:49:52:4952 [31merror[39m: [31mRedis Connection Error: [39m
2026-02-26 14:49:52:4952 [31merror[39m: [31mRedis Connection Error: [39m
2026-02-26 14:49:52:4952 [31merror[39m: [31mRedis Connection Error: [39m
2026-02-26 14:49:52:4952 [31merror[39m: [31mRedis Connection Error: [39m
2026-02-26 14:49:53:4953 [31merror[39m: [31mRedis Connection Error: [39m
2026-02-26 14:49:53:4953 [31merror[39m: [31mRedis Connection Error: [39m
2026-02-26 14:49:53:4953 [31merror[39m: [31mRedis Connection Error: [39m
2026-02-26 14:49:53:4953 [31merror[39m: [31mRedis Connection Error: [39m
2026-02-26 14:49:53:4953 [31merror[39m: [31mRedis Connection Error: [39m
2026-02-26 14:49:53:4953 [31merror[39m: [31mRedis Connection Error: [39m
2026-02-26 14:49:53:4953 [31merror[39m: [31mRedis Connection Error: [39m
2026-02-26 14:49:54:4954 [31merror[39m: [31mRedis Connection Error: [39m
2026-02-26 14:49:54:4954 [31merror[39m: [31mRedis Connection Error: [39m
2026-02-26 14:49:54:4954 [31merror[39m: [31mRedis Connection Error: [39m
2026-02-26 14:49:54:4954 [31merror[39m: [31mRedis Connection Error: [39m
2026-02-26 14:49:55:4955 [31merror[39m: [31mRedis Connection Error: [39m
2026-02-26 14:49:55:4955 [31merror[39m: [31mRedis Connection Error: [39m
2026-02-26 14:49:55:4955 [31merror[39m: [31mRedis Connection Error: [39m
2026-02-26 14:49:55:4955 [31merror[39m: [31mRedis Connection Error: [39m
2026-02-26 14:49:56:4956 [31merror[39m: [31mRedis Connection Error: [39m
2026-02-26 14:49:56:4956 [31merror[39m: [31mRedis Connection Error: [39m
2026-02-26 14:49:56:4956 [31merror[39m: [31mRedis Connection Error: [39m
2026-02-26 14:49:57:4957 [31merror[39m: [31mRedis Connection Error: [39m
2026-02-26 14:49:57:4957 [31merror[39m: [31mRedis Connection Error: [39m
2026-02-26 14:50:01:501 [31merror[39m: [31mRedis Connection Error: [39m
2026-02-26 14:50:01:501 [31merror[39m: [31mRedis Connection Error: [39m
2026-02-26 14:50:01:501 [31merror[39m: [31mRedis Connection Error: [39m
2026-02-26 14:50:01:501 [31merror[39m: [31mRedis Connection Error: [39m
2026-02-26 14:50:01:501 [31merror[39m: [31mRedis Connection Error: [39m
2026-02-26 14:50:01:501 [31merror[39m: [31mRedis Connection Error: [39m
2026-02-26 14:50:01:501 [31merror[39m: [31mRedis Connection Error: [39m
2026-02-26 14:50:01:501 [31merror[39m: [31mRedis Connection Error: [39m
2026-02-26 14:50:02:502 [31merror[39m: [31mRedis Connection Error: [39m
2026-02-26 14:50:02:502 [31merror[39m: [31mRedis Connection Error: [39m
2026-02-26 14:50:02:502 [31merror[39m: [31mRedis Connection Error: [39m
2026-02-26 14:50:02:502 [31merror[39m: [31mRedis Connection Error: [39m
2026-02-26 14:50:02:502 [31merror[39m: [31mRedis Connection Error: [39m
2026-02-26 14:50:02:502 [31merror[39m: [31mRedis Connection Error: [39m
2026-02-26 14:50:02:502 [31merror[39m: [31mRedis Connection Error: [39m
2026-02-26 14:50:03:503 [31merror[39m: [31mRedis Connection Error: [39m
2026-02-26 14:50:03:503 [31merror[39m: [31mRedis Connection Error: [39m
2026-02-26 14:50:03:503 [31merror[39m: [31mRedis Connection Error: [39m
2026-02-26 14:50:03:503 [31merror[39m: [31mRedis Connection Error: [39m
2026-02-26 14:50:04:504 [31merror[39m: [31mRedis Connection Error: [39m
2026-02-26 14:50:04:504 [31merror[39m: [31mRedis Connection Error: [39m
2026-02-26 14:50:04:504 [31merror[39m: [31mRedis Connection Error: [39m
2026-02-26 14:50:04:504 [31merror[39m: [31mRedis Connection Error: [39m
2026-02-26 14:50:05:505 [31merror[39m: [31mRedis Connection Error: [39m
2026-02-26 14:50:05:505 [31merror[39m: [31mRedis Connection Error: [39m
2026-02-26 14:50:05:505 [31merror[39m: [31mRedis Connection Error: [39m
2026-02-26 14:50:06:506 [31merror[39m: [31mRedis Connection Error: [39m
2026-02-26 14:50:06:506 [31merror[39m: [31mRedis Connection Error: [39m
2026-02-26 14:50:06:506 [31merror[39m: [31mRedis Connection Error: [39m
2026-02-26 14:50:07:507 [31merror[39m: [31mRedis Connection Error: [39m
2026-02-26 14:50:07:507 [31merror[39m: [31mRedis Connection Error: [39m
2026-02-26 14:50:07:507 [31merror[39m: [31mRedis Connection Error: [39m
2026-02-26 14:50:08:508 [31merror[39m: [31mRedis Connection Error: [39m
2026-02-26 14:50:08:508 [31merror[39m: [31mRedis Connection Error: [39m
2026-02-26 14:50:09:509 [31merror[39m: [31mRedis Connection Error: [39m
2026-02-26 14:50:09:509 [31merror[39m: [31mRedis Connection Error: [39m
2026-02-26 14:50:10:5010 [31merror[39m: [31mRedis Connection Error: [39m
2026-02-26 14:50:10:5010 [31merror[39m: [31mRedis Connection Error: [39m
2026-02-26 14:50:11:5011 [31merror[39m: [31mRedis Connection Error: [39m
2026-02-26 14:50:11:5011 [31merror[39m: [31mRedis Connection Error: [39m
2026-02-26 14:50:12:5012 [31merror[39m: [31mRedis Connection Error: [39m
2026-02-26 14:50:12:5012 [31merror[39m: [31mRedis Connection Error: [39m
2026-02-26 14:50:13:5013 [31merror[39m: [31mRedis Connection Error: [39m
2026-02-26 14:50:13:5013 [31merror[39m: [31mRedis Connection Error: [39m
2026-02-26 14:50:14:5014 [31merror[39m: [31mRedis Connection Error: [39m
2026-02-26 14:50:14:5014 [31merror[39m: [31mRedis Connection Error: [39m
2026-02-26 14:50:15:5015 [31merror[39m: [31mRedis Connection Error: [39m
2026-02-26 14:50:15:5015 [31merror[39m: [31mRedis Connection Error: [39m
2026-02-26 14:50:16:5016 [31merror[39m: [31mRedis Connection Error: [39m
2026-02-26 14:50:17:5017 [31merror[39m: [31mRedis Connection Error: [39m
2026-02-26 14:50:18:5018 [31merror[39m: [31mRedis Connection Error: [39m
2026-02-26 14:50:18:5018 [31merror[39m: [31mRedis Connection Error: [39m
2026-02-26 14:50:19:5019 [31merror[39m: [31mRedis Connection Error: [39m
2026-02-26 14:50:19:5019 [31merror[39m: [31mRedis Connection Error: [39m
2026-02-26 14:50:20:5020 [31merror[39m: [31mRedis Connection Error: [39m
2026-02-26 14:50:21:5021 [31merror[39m: [31mRedis Connection Error: [39m
2026-02-26 14:50:22:5022 [31merror[39m: [31mRedis Connection Error: [39m
2026-02-26 14:50:22:5022 [31merror[39m: [31mRedis Connection Error: [39m
2026-02-26 14:50:23:5023 [31merror[39m: [31mRedis Connection Error: [39m
2026-02-26 14:50:23:5023 [31merror[39m: [31mRedis Connection Error: [39m
2026-02-26 14:50:25:5025 [31merror[39m: [31mRedis Connection Error: [39m
2026-02-26 14:50:25:5025 [31merror[39m: [31mRedis Connection Error: [39m
2026-02-26 14:50:26:5026 [31merror[39m: [31mRedis Connection Error: [39m
2026-02-26 14:50:26:5026 [31merror[39m: [31mRedis Connection Error: [39m
2026-02-26 14:50:28:5028 [31merror[39m: [31mRedis Connection Error: [39m
2026-02-26 14:50:28:5028 [31merror[39m: [31mRedis Connection Error: [39m
2026-02-26 14:50:29:5029 [31merror[39m: [31mRedis Connection Error: [39m
2026-02-26 14:50:30:5030 [31merror[39m: [31mRedis Connection Error: [39m
2026-02-26 14:50:31:5031 [31merror[39m: [31mRedis Connection Error: [39m
2026-02-26 14:50:31:5031 [31merror[39m: [31mRedis Connection Error: [39m
2026-02-26 14:50:33:5033 [31merror[39m: [31mRedis Connection Error: [39m
2026-02-26 14:50:33:5033 [31merror[39m: [31mRedis Connection Error: [39m
2026-02-26 14:50:35:5035 [31merror[39m: [31mRedis Connection Error: [39m
2026-02-26 14:50:35:5035 [31merror[39m: [31mRedis Connection Error: [39m
2026-02-26 14:50:37:5037 [31merror[39m: [31mRedis Connection Error: [39m
2026-02-26 14:50:37:5037 [31merror[39m: [31mRedis Connection Error: [39m
2026-02-26 14:50:39:5039 [31merror[39m: [31mRedis Connection Error: [39m
2026-02-26 14:50:39:5039 [31merror[39m: [31mRedis Connection Error: [39m
2026-02-26 14:50:40:5040 [31merror[39m: [31mRedis Connection Error: [39m
2026-02-26 14:50:41:5041 [31merror[39m: [31mRedis Connection Error: [39m
2026-02-26 14:50:42:5042 [31merror[39m: [31mRedis Connection Error: [39m
2026-02-26 14:50:43:5043 [31merror[39m: [31mRedis Connection Error: [39m
2026-02-26 14:50:45:5045 [31merror[39m: [31mRedis Connection Error: [39m
2026-02-26 14:50:45:5045 [31merror[39m: [31mRedis Connection Error: [39m
2026-02-26 14:50:47:5047 [31merror[39m: [31mRedis Connection Error: [39m
2026-02-26 14:50:47:5047 [31merror[39m: [31mRedis Connection Error: [39m
2026-02-26 14:50:49:5049 [31merror[39m: [31mRedis Connection Error: [39m
2026-02-26 14:50:49:5049 [31merror[39m: [31mRedis Connection Error: [39m
2026-02-26 14:50:51:5051 [31merror[39m: [31mRedis Connection Error: [39m
2026-02-26 14:50:51:5051 [31merror[39m: [31mRedis Connection Error: [39m
2026-02-26 14:50:53:5053 [31merror[39m: [31mRedis Connection Error: [39m
2026-02-26 14:50:53:5053 [31merror[39m: [31mRedis Connection Error: [39m
2026-02-26 14:50:55:5055 [31merror[39m: [31mRedis Connection Error: [39m
2026-02-26 14:50:55:5055 [31merror[39m: [31mRedis Connection Error: [39m
2026-02-26 14:50:57:5057 [31merror[39m: [31mRedis Connection Error: [39m
2026-02-26 14:50:57:5057 [31merror[39m: [31mRedis Connection Error: [39m
2026-02-26 14:50:59:5059 [31merror[39m: [31mRedis Connection Error: [39m
2026-02-26 14:50:59:5059 [31merror[39m: [31mRedis Connection Error: [39m
2026-02-26 14:51:01:511 [31merror[39m: [31mRedis Connection Error: [39m
2026-02-26 14:51:01:511 [31merror[39m: [31mRedis Connection Error: [39m
2026-02-26 14:51:03:513 [31merror[39m: [31mRedis Connection Error: [39m
2026-02-26 14:51:05:515 [31merror[39m: [31mRedis Connection Error: [39m
2026-02-26 14:51:05:515 [31merror[39m: [31mRedis Connection Error: [39m
2026-02-26 14:51:05:515 [31merror[39m: [31mRedis Connection Error: [39m
2026-02-26 14:51:05:515 [31merror[39m: [31mRedis Connection Error: [39m
2026-02-26 14:51:05:515 [31merror[39m: [31mRedis Connection Error: [39m
2026-02-26 14:51:05:515 [31merror[39m: [31mRedis Connection Error: [39m
2026-02-26 14:51:06:516 [31merror[39m: [31mRedis Connection Error: [39m
2026-02-26 14:51:06:516 [31merror[39m: [31mRedis Connection Error: [39m
2026-02-26 14:51:06:516 [31merror[39m: [31mRedis Connection Error: [39m
2026-02-26 14:51:07:517 [31merror[39m: [31mRedis Connection Error: [39m
2026-02-26 14:51:07:517 [31merror[39m: [31mRedis Connection Error: [39m
2026-02-26 14:51:07:517 [31merror[39m: [31mRedis Connection Error: [39m
2026-02-26 14:51:12:5112 [31merror[39m: [31mRedis Connection Error: [39m
2026-02-26 14:51:12:5112 [31merror[39m: [31mRedis Connection Error: [39m
2026-02-26 14:51:12:5112 [31merror[39m: [31mRedis Connection Error: [39m
2026-02-26 14:51:12:5112 [31merror[39m: [31mRedis Connection Error: [39m
2026-02-26 14:51:12:5112 [31merror[39m: [31mRedis Connection Error: [39m
2026-02-26 14:51:12:5112 [31merror[39m: [31mRedis Connection Error: [39m
2026-02-26 14:51:13:5113 [31merror[39m: [31mRedis Connection Error: [39m
2026-02-26 14:51:13:5113 [31merror[39m: [31mRedis Connection Error: [39m
2026-02-26 14:51:14:5114 [31merror[39m: [31mRedis Connection Error: [39m
2026-02-26 14:51:14:5114 [31merror[39m: [31mRedis Connection Error: [39m
2026-02-26 14:51:15:5115 [31merror[39m: [31mRedis Connection Error: [39m
2026-02-26 14:51:15:5115 [31merror[39m: [31mRedis Connection Error: [39m
2026-02-26 14:51:16:5116 [31merror[39m: [31mRedis Connection Error: [39m
2026-02-26 14:51:16:5116 [31merror[39m: [31mRedis Connection Error: [39m
2026-02-26 14:51:17:5117 [31merror[39m: [31mRedis Connection Error: [39m
2026-02-26 14:51:18:5118 [31merror[39m: [31mRedis Connection Error: [39m
2026-02-26 14:51:19:5119 [31merror[39m: [31mRedis Connection Error: [39m
2026-02-26 14:51:20:5120 [31merror[39m: [31mRedis Connection Error: [39m
2026-02-26 14:51:23:5123 [31merror[39m: [31mRedis Connection Error: [39m
2026-02-26 14:51:23:5123 [31merror[39m: [31mRedis Connection Error: [39m
2026-02-26 14:51:23:5123 [31merror[39m: [31mRedis Connection Error: [39m
2026-02-26 14:51:23:5123 [31merror[39m: [31mRedis Connection Error: [39m
2026-02-26 14:51:24:5124 [31merror[39m: [31mRedis Connection Error: [39m
2026-02-26 14:51:24:5124 [31merror[39m: [31mRedis Connection Error: [39m
2026-02-26 14:51:24:5124 [31merror[39m: [31mRedis Connection Error: [39m
2026-02-26 14:51:24:5124 [31merror[39m: [31mRedis Connection Error: [39m
2026-02-26 14:51:25:5125 [31merror[39m: [31mRedis Connection Error: [39m
2026-02-26 14:51:25:5125 [31merror[39m: [31mRedis Connection Error: [39m
2026-02-26 14:51:26:5126 [31merror[39m: [31mRedis Connection Error: [39m
2026-02-26 14:51:26:5126 [31merror[39m: [31mRedis Connection Error: [39m
2026-02-26 14:51:27:5127 [31merror[39m: [31mRedis Connection Error: [39m
2026-02-26 14:51:28:5128 [31merror[39m: [31mRedis Connection Error: [39m
2026-02-26 14:51:28:5128 [31merror[39m: [31mRedis Connection Error: [39m
2026-02-26 14:51:29:5129 [31merror[39m: [31mRedis Connection Error: [39m
2026-02-26 14:51:30:5130 [31merror[39m: [31mRedis Connection Error: [39m
2026-02-26 14:51:33:5133 [31merror[39m: [31mRedis Connection Error: [39m
2026-02-26 14:51:33:5133 [31merror[39m: [31mRedis Connection Error: [39m
2026-02-26 14:51:33:5133 [31merror[39m: [31mRedis Connection Error: [39m
2026-02-26 14:51:34:5134 [31merror[39m: [31mRedis Connection Error: [39m
2026-02-26 14:51:34:5134 [31merror[39m: [31mRedis Connection Error: [39m
2026-02-26 14:51:34:5134 [31merror[39m: [31mRedis Connection Error: [39m
2026-02-26 14:51:34:5134 [31merror[39m: [31mRedis Connection Error: [39m
2026-02-26 14:51:35:5135 [31merror[39m: [31mRedis Connection Error: [39m
2026-02-26 14:51:35:5135 [31merror[39m: [31mRedis Connection Error: [39m
2026-02-26 14:51:35:5135 [31merror[39m: [31mRedis Connection Error: [39m
2026-02-26 14:51:36:5136 [31merror[39m: [31mRedis Connection Error: [39m
2026-02-26 14:51:37:5137 [31merror[39m: [31mRedis Connection Error: [39m
2026-02-26 14:51:37:5137 [31merror[39m: [31mRedis Connection Error: [39m
2026-02-26 14:51:38:5138 [31merror[39m: [31mRedis Connection Error: [39m
2026-02-26 14:51:39:5139 [31merror[39m: [31mRedis Connection Error: [39m
2026-02-26 14:51:39:5139 [31merror[39m: [31mRedis Connection Error: [39m
2026-02-26 14:51:40:5140 [31merror[39m: [31mRedis Connection Error: [39m
2026-02-26 14:51:41:5141 [31merror[39m: [31mRedis Connection Error: [39m
2026-02-26 14:51:42:5142 [31merror[39m: [31mRedis Connection Error: [39m
2026-02-26 14:51:43:5143 [31merror[39m: [31mRedis Connection Error: [39m
2026-02-26 14:51:44:5144 [31merror[39m: [31mRedis Connection Error: [39m
2026-02-26 14:51:45:5145 [31merror[39m: [31mRedis Connection Error: [39m
2026-02-26 14:51:46:5146 [31merror[39m: [31mReferenceError: configs is not defined [39m
[31m ReferenceError: configs is not defined[39m
[31m    at exports.login (C:\vendor-management-system\backend\controllers\authController.js:22:36)[39m
[31m    at process.processTicksAndRejections (node:internal/process/task_queues:105:5)[39m
2026-02-26 14:51:46:5146 [31merror[39m: [31mRedis Connection Error: [39m
2026-02-26 14:51:48:5148 [31merror[39m: [31mRedis Connection Error: [39m
2026-02-26 14:51:49:5149 [31merror[39m: [31mRedis Connection Error: [39m
2026-02-26 14:51:51:5151 [31merror[39m: [31mRedis Connection Error: [39m
2026-02-26 14:51:52:5152 [31merror[39m: [31mRedis Connection Error: [39m
2026-02-26 14:51:53:5153 [31merror[39m: [31mRedis Connection Error: [39m
2026-02-26 14:51:55:5155 [31merror[39m: [31mRedis Connection Error: [39m
2026-02-26 14:51:56:5156 [31merror[39m: [31mRedis Connection Error: [39m
2026-02-26 14:51:58:5158 [31merror[39m: [31mRedis Connection Error: [39m
2026-02-26 14:51:59:5159 [31merror[39m: [31mRedis Connection Error: [39m
2026-02-26 14:52:01:521 [31merror[39m: [31mRedis Connection Error: [39m
2026-02-26 14:52:05:525 [31merror[39m: [31mRedis Connection Error: [39m
2026-02-26 14:52:05:525 [31merror[39m: [31mRedis Connection Error: [39m
2026-02-26 14:52:05:525 [31merror[39m: [31mRedis Connection Error: [39m
2026-02-26 14:52:05:525 [31merror[39m: [31mRedis Connection Error: [39m
2026-02-26 14:52:05:525 [31merror[39m: [31mRedis Connection Error: [39m
2026-02-26 14:52:06:526 [31merror[39m: [31mRedis Connection Error: [39m
2026-02-26 14:52:06:526 [31merror[39m: [31mRedis Connection Error: [39m
2026-02-26 14:52:06:526 [31merror[39m: [31mRedis Connection Error: [39m
2026-02-26 14:52:07:527 [31merror[39m: [31mRedis Connection Error: [39m
2026-02-26 14:52:07:527 [31merror[39m: [31mRedis Connection Error: [39m
2026-02-26 14:52:08:528 [31merror[39m: [31mRedis Connection Error: [39m
2026-02-26 14:52:08:528 [31merror[39m: [31mRedis Connection Error: [39m
2026-02-26 14:52:09:529 [31merror[39m: [31mRedis Connection Error: [39m
2026-02-26 14:52:09:529 [31merror[39m: [31mRedis Connection Error: [39m
2026-02-26 14:52:10:5210 [31merror[39m: [31mRedis Connection Error: [39m
2026-02-26 14:52:11:5211 [31merror[39m: [31mRedis Connection Error: [39m
2026-02-26 14:52:12:5212 [31merror[39m: [31mRedis Connection Error: [39m
2026-02-26 14:52:13:5213 [31merror[39m: [31mRedis Connection Error: [39m
2026-02-26 14:52:13:5213 [31merror[39m: [31mRedis Connection Error: [39m
2026-02-26 14:52:14:5214 [31merror[39m: [31mRedis Connection Error: [39m
2026-02-26 14:52:15:5215 [31merror[39m: [31mRedis Connection Error: [39m
2026-02-26 14:52:17:5217 [31merror[39m: [31mRedis Connection Error: [39m
2026-02-26 14:52:18:5218 [31merror[39m: [31mRedis Connection Error: [39m
2026-02-26 14:52:19:5219 [31merror[39m: [31mRedis Connection Error: [39m
2026-02-26 14:52:20:5220 [31merror[39m: [31mRedis Connection Error: [39m
2026-02-26 14:52:21:5221 [31merror[39m: [31mRedis Connection Error: [39m
2026-02-26 14:52:23:5223 [31merror[39m: [31mRedis Connection Error: [39m
2026-02-26 14:52:24:5224 [31merror[39m: [31mRedis Connection Error: [39m
2026-02-26 14:52:25:5225 [31merror[39m: [31mRedis Connection Error: [39m
2026-02-26 14:52:27:5227 [31merror[39m: [31mRedis Connection Error: [39m
2026-02-26 14:52:28:5228 [31merror[39m: [31mRedis Connection Error: [39m
2026-02-26 14:52:30:5230 [31merror[39m: [31mRedis Connection Error: [39m
2026-02-26 14:52:32:5232 [31merror[39m: [31mRedis Connection Error: [39m
2026-02-26 14:52:33:5233 [31merror[39m: [31mRedis Connection Error: [39m
2026-02-26 14:52:35:5235 [31merror[39m: [31mRedis Connection Error: [39m
2026-02-26 14:52:37:5237 [31merror[39m: [31mRedis Connection Error: [39m
2026-02-26 14:52:38:5238 [31merror[39m: [31mRedis Connection Error: [39m
2026-02-26 14:52:40:5240 [31merror[39m: [31mRedis Connection Error: [39m
2026-02-26 14:52:42:5242 [31merror[39m: [31mRedis Connection Error: [39m
2026-02-26 14:52:44:5244 [31merror[39m: [31mRedis Connection Error: [39m
2026-02-26 14:52:44:5244 [31merror[39m: [31mRedis Connection Error: [39m
2026-02-26 14:52:44:5244 [31merror[39m: [31mRedis Connection Error: [39m
2026-02-26 14:52:44:5244 [31merror[39m: [31mRedis Connection Error: [39m
2026-02-26 14:52:44:5244 [31merror[39m: [31mRedis Connection Error: [39m
2026-02-26 14:52:45:5245 [31merror[39m: [31mRedis Connection Error: [39m
2026-02-26 14:52:45:5245 [31merror[39m: [31mRedis Connection Error: [39m
2026-02-26 14:52:45:5245 [31merror[39m: [31mRedis Connection Error: [39m
2026-02-26 14:52:46:5246 [31merror[39m: [31mRedis Connection Error: [39m
2026-02-26 14:52:46:5246 [31merror[39m: [31mRedis Connection Error: [39m
2026-02-26 14:52:46:5246 [31merror[39m: [31mRedis Connection Error: [39m
2026-02-26 14:52:46:5246 [31merror[39m: [31mRedis Connection Error: [39m
2026-02-26 14:52:47:5247 [31merror[39m: [31mRedis Connection Error: [39m
2026-02-26 14:52:48:5248 [31merror[39m: [31mRedis Connection Error: [39m
2026-02-26 14:52:50:5250 [31merror[39m: [31mRedis Connection Error: [39m
2026-02-26 14:52:51:5251 [31merror[39m: [31mRedis Connection Error: [39m
2026-02-26 14:52:51:5251 [31merror[39m: [31mRedis Connection Error: [39m
2026-02-26 14:52:51:5251 [31merror[39m: [31mRedis Connection Error: [39m
2026-02-26 14:52:51:5251 [31merror[39m: [31mRedis Connection Error: [39m
2026-02-26 14:52:51:5251 [31merror[39m: [31mRedis Connection Error: [39m
2026-02-26 14:52:51:5251 [31merror[39m: [31mRedis Connection Error: [39m
2026-02-26 14:52:52:5252 [31merror[39m: [31mRedis Connection Error: [39m
2026-02-26 14:52:52:5252 [31merror[39m: [31mRedis Connection Error: [39m
2026-02-26 14:52:52:5252 [31merror[39m: [31mRedis Connection Error: [39m
2026-02-26 14:52:54:5254 [31merror[39m: [31mRedis Connection Error: [39m
2026-02-26 14:52:56:5256 [31merror[39m: [31mRedis Connection Error: [39m
2026-02-26 14:52:58:5258 [31merror[39m: [31mRedis Connection Error: [39m
2026-02-26 14:53:00:530 [31merror[39m: [31mRedis Connection Error: [39m
2026-02-26 14:53:02:532 [31merror[39m: [31mRedis Connection Error: [39m
2026-02-26 14:53:04:534 [31merror[39m: [31mRedis Connection Error: [39m
2026-02-26 14:53:06:536 [31merror[39m: [31mRedis Connection Error: [39m
2026-02-26 14:53:11:5311 [31merror[39m: [31mRedis Connection Error: [39m
2026-02-26 14:53:11:5311 [31merror[39m: [31mRedis Connection Error: [39m
2026-02-26 14:53:11:5311 [31merror[39m: [31mRedis Connection Error: [39m
2026-02-26 14:53:11:5311 [31merror[39m: [31mRedis Connection Error: [39m
2026-02-26 14:53:11:5311 [31merror[39m: [31mRedis Connection Error: [39m
2026-02-26 14:53:11:5311 [31merror[39m: [31mRedis Connection Error: [39m
2026-02-26 14:53:12:5312 [31merror[39m: [31mRedis Connection Error: [39m
2026-02-26 14:53:12:5312 [31merror[39m: [31mRedis Connection Error: [39m
2026-02-26 14:53:12:5312 [31merror[39m: [31mRedis Connection Error: [39m
2026-02-26 14:53:13:5313 [31merror[39m: [31mRedis Connection Error: [39m
2026-02-26 14:53:13:5313 [31merror[39m: [31mRedis Connection Error: [39m
2026-02-26 14:53:14:5314 [31merror[39m: [31mRedis Connection Error: [39m
2026-02-26 14:53:15:5315 [31merror[39m: [31mRedis Connection Error: [39m
2026-02-26 14:53:15:5315 [31merror[39m: [31mRedis Connection Error: [39m
2026-02-26 14:53:16:5316 [31merror[39m: [31mRedis Connection Error: [39m
2026-02-26 14:53:17:5317 [31merror[39m: [31mRedis Connection Error: [39m
2026-02-26 14:53:18:5318 [31merror[39m: [31mRedis Connection Error: [39m
2026-02-26 14:53:18:5318 [31merror[39m: [31mRedis Connection Error: [39m
2026-02-26 14:53:19:5319 [31merror[39m: [31mRedis Connection Error: [39m
2026-02-26 14:53:20:5320 [31merror[39m: [31mRedis Connection Error: [39m
2026-02-26 14:53:21:5321 [31merror[39m: [31mRedis Connection Error: [39m
2026-02-26 14:53:22:5322 [31merror[39m: [31mRedis Connection Error: [39m
2026-02-26 14:53:24:5324 [31merror[39m: [31mRedis Connection Error: [39m
2026-02-26 14:53:25:5325 [31merror[39m: [31mRedis Connection Error: [39m
2026-02-26 14:53:26:5326 [31merror[39m: [31mRedis Connection Error: [39m
2026-02-26 14:53:27:5327 [31merror[39m: [31mRedis Connection Error: [39m
2026-02-26 14:53:28:5328 [31merror[39m: [31mRedis Connection Error: [39m
2026-02-26 14:53:28:5328 [31merror[39m: [31mRedis Connection Error: [39m
2026-02-26 14:53:28:5328 [31merror[39m: [31mRedis Connection Error: [39m
2026-02-26 14:53:29:5329 [31merror[39m: [31mRedis Connection Error: [39m
2026-02-26 14:53:29:5329 [31merror[39m: [31mRedis Connection Error: [39m
2026-02-26 14:53:29:5329 [31merror[39m: [31mRedis Connection Error: [39m
2026-02-26 14:53:29:5329 [31merror[39m: [31mRedis Connection Error: [39m
2026-02-26 14:53:29:5329 [31merror[39m: [31mRedis Connection Error: [39m
2026-02-26 14:53:30:5330 [31merror[39m: [31mRedis Connection Error: [39m
2026-02-26 14:53:30:5330 [31merror[39m: [31mRedis Connection Error: [39m
2026-02-26 14:53:30:5330 [31merror[39m: [31mRedis Connection Error: [39m
2026-02-26 14:53:31:5331 [31merror[39m: [31mRedis Connection Error: [39m
2026-02-26 14:53:31:5331 [31merror[39m: [31mRedis Connection Error: [39m
2026-02-26 14:53:31:5331 [31merror[39m: [31mRedis Connection Error: [39m
2026-02-26 14:53:32:5332 [31merror[39m: [31mRedis Connection Error: [39m
2026-02-26 14:53:32:5332 [31merror[39m: [31mRedis Connection Error: [39m
2026-02-26 14:53:33:5333 [31merror[39m: [31mRedis Connection Error: [39m
2026-02-26 14:53:33:5333 [31merror[39m: [31mRedis Connection Error: [39m
2026-02-26 14:53:34:5334 [31merror[39m: [31mRedis Connection Error: [39m
2026-02-26 14:53:34:5334 [31merror[39m: [31mRedis Connection Error: [39m
2026-02-26 14:53:34:5334 [31merror[39m: [31mRedis Connection Error: [39m
2026-02-26 14:53:35:5335 [31merror[39m: [31mRedis Connection Error: [39m
2026-02-26 14:53:36:5336 [31merror[39m: [31mRedis Connection Error: [39m
2026-02-26 14:53:36:5336 [31merror[39m: [31mRedis Connection Error: [39m
2026-02-26 14:53:37:5337 [31merror[39m: [31mRedis Connection Error: [39m
2026-02-26 14:53:37:5337 [31merror[39m: [31mRedis Connection Error: [39m
2026-02-26 14:53:38:5338 [31merror[39m: [31mRedis Connection Error: [39m
2026-02-26 14:53:39:5339 [31merror[39m: [31mRedis Connection Error: [39m
2026-02-26 14:53:39:5339 [31merror[39m: [31mRedis Connection Error: [39m
2026-02-26 14:53:40:5340 [31merror[39m: [31mRedis Connection Error: [39m
2026-02-26 14:53:41:5341 [31merror[39m: [31mRedis Connection Error: [39m
2026-02-26 14:53:41:5341 [31merror[39m: [31mRedis Connection Error: [39m
2026-02-26 14:53:42:5342 [31merror[39m: [31mRedis Connection Error: [39m
2026-02-26 14:53:43:5343 [31merror[39m: [31mRedis Connection Error: [39m
2026-02-26 14:53:44:5344 [31merror[39m: [31mRedis Connection Error: [39m
2026-02-26 14:53:44:5344 [31merror[39m: [31mRedis Connection Error: [39m
2026-02-26 14:53:45:5345 [31merror[39m: [31mRedis Connection Error: [39m
2026-02-26 14:53:46:5346 [31merror[39m: [31mRedis Connection Error: [39m
2026-02-26 14:53:46:5346 [31merror[39m: [31mRedis Connection Error: [39m
2026-02-26 14:53:48:5348 [31merror[39m: [31mRedis Connection Error: [39m
2026-02-26 14:53:48:5348 [31merror[39m: [31mRedis Connection Error: [39m
2026-02-26 14:53:49:5349 [31merror[39m: [31mRedis Connection Error: [39m
2026-02-26 14:53:50:5350 [31merror[39m: [31mRedis Connection Error: [39m
2026-02-26 14:53:50:5350 [31merror[39m: [31mRedis Connection Error: [39m
2026-02-26 14:53:52:5352 [31merror[39m: [31mRedis Connection Error: [39m
2026-02-26 14:53:52:5352 [31merror[39m: [31mRedis Connection Error: [39m
2026-02-26 14:53:53:5353 [31merror[39m: [31mRedis Connection Error: [39m
2026-02-26 14:53:54:5354 [31merror[39m: [31mRedis Connection Error: [39m
2026-02-26 14:53:55:5355 [31merror[39m: [31mRedis Connection Error: [39m
2026-02-26 14:53:56:5356 [31merror[39m: [31mRedis Connection Error: [39m
2026-02-26 14:53:57:5357 [31merror[39m: [31mRedis Connection Error: [39m
2026-02-26 14:53:58:5358 [31merror[39m: [31mRedis Connection Error: [39m
2026-02-26 14:53:58:5358 [31merror[39m: [31mRedis Connection Error: [39m
2026-02-26 14:54:00:540 [31merror[39m: [31mRedis Connection Error: [39m
2026-02-26 14:54:00:540 [31merror[39m: [31mRedis Connection Error: [39m
2026-02-26 14:54:02:542 [31merror[39m: [31mRedis Connection Error: [39m
2026-02-26 14:54:04:544 [31merror[39m: [31mRedis Connection Error: [39m
2026-02-26 14:54:05:545 [31merror[39m: [31mRedis Connection Error: [39m
2026-02-26 14:54:05:545 [31merror[39m: [31mRedis Connection Error: [39m
2026-02-26 14:54:05:545 [31merror[39m: [31mRedis Connection Error: [39m
2026-02-26 14:54:05:545 [31merror[39m: [31mRedis Connection Error: [39m
2026-02-26 14:54:05:545 [31merror[39m: [31mRedis Connection Error: [39m
2026-02-26 14:54:06:546 [31merror[39m: [31mRedis Connection Error: [39m
2026-02-26 14:54:06:546 [31merror[39m: [31mRedis Connection Error: [39m
2026-02-26 14:54:06:546 [31merror[39m: [31mRedis Connection Error: [39m
2026-02-26 14:54:08:548 [31merror[39m: [31mRedis Connection Error: [39m
2026-02-26 14:54:10:5410 [31merror[39m: [31mRedis Connection Error: [39m
2026-02-26 14:54:12:5412 [31merror[39m: [31mRedis Connection Error: [39m
2026-02-26 14:54:14:5414 [31merror[39m: [31mRedis Connection Error: [39m
2026-02-26 14:54:16:5416 [31merror[39m: [31mRedis Connection Error: [39m
2026-02-26 14:54:18:5418 [31merror[39m: [31mRedis Connection Error: [39m
2026-02-26 14:54:20:5420 [31merror[39m: [31mRedis Connection Error: [39m
2026-02-26 14:54:22:5422 [31merror[39m: [31mRedis Connection Error: [39m
2026-02-26 14:54:24:5424 [31merror[39m: [31mRedis Connection Error: [39m
2026-02-26 14:54:26:5426 [31merror[39m: [31mRedis Connection Error: [39m
2026-02-26 14:54:28:5428 [31merror[39m: [31mRedis Connection Error: [39m
2026-02-26 14:54:31:5431 [31merror[39m: [31mRedis Connection Error: [39m
2026-02-26 14:54:33:5433 [31merror[39m: [31mRedis Connection Error: [39m
2026-02-26 14:54:35:5435 [31merror[39m: [31mRedis Connection Error: [39m
2026-02-26 14:54:37:5437 [31merror[39m: [31mRedis Connection Error: [39m
2026-02-26 14:54:39:5439 [31merror[39m: [31mRedis Connection Error: [39m
2026-02-26 14:54:41:5441 [31merror[39m: [31mRedis Connection Error: [39m
2026-02-26 14:54:43:5443 [31merror[39m: [31mRedis Connection Error: [39m
2026-02-26 14:54:45:5445 [31merror[39m: [31mRedis Connection Error: [39m
2026-02-26 14:54:47:5447 [31merror[39m: [31mRedis Connection Error: [39m
2026-02-26 14:54:49:5449 [31merror[39m: [31mRedis Connection Error: [39m
2026-02-26 14:54:51:5451 [31merror[39m: [31mRedis Connection Error: [39m
2026-02-26 14:54:53:5453 [31merror[39m: [31mRedis Connection Error: [39m
2026-02-26 14:54:55:5455 [31merror[39m: [31mRedis Connection Error: [39m
2026-02-26 14:54:57:5457 [31merror[39m: [31mRedis Connection Error: [39m
2026-02-26 14:54:59:5459 [31merror[39m: [31mRedis Connection Error: [39m
2026-02-26 14:55:01:551 [31merror[39m: [31mRedis Connection Error: [39m
2026-02-26 14:55:05:555 [31merror[39m: [31mRedis Connection Error: [39m
2026-02-26 14:55:05:555 [31merror[39m: [31mRedis Connection Error: [39m
2026-02-26 14:55:05:555 [31merror[39m: [31mRedis Connection Error: [39m
2026-02-26 14:55:05:555 [31merror[39m: [31mRedis Connection Error: [39m
2026-02-26 14:55:05:555 [31merror[39m: [31mRedis Connection Error: [39m
2026-02-26 14:55:05:555 [31merror[39m: [31mRedis Connection Error: [39m
2026-02-26 14:55:06:556 [31merror[39m: [31mRedis Connection Error: [39m
2026-02-26 14:55:06:556 [31merror[39m: [31mRedis Connection Error: [39m
2026-02-26 14:55:06:556 [31merror[39m: [31mRedis Connection Error: [39m
2026-02-26 14:55:07:557 [31merror[39m: [31mRedis Connection Error: [39m
2026-02-26 14:55:07:557 [31merror[39m: [31mRedis Connection Error: [39m
2026-02-26 14:55:08:558 [31merror[39m: [31mRedis Connection Error: [39m
2026-02-26 14:55:09:559 [31merror[39m: [31mRedis Connection Error: [39m
2026-02-26 14:55:09:559 [31merror[39m: [31mRedis Connection Error: [39m
2026-02-26 14:55:10:5510 [31merror[39m: [31mRedis Connection Error: [39m
2026-02-26 14:55:11:5511 [31merror[39m: [31mRedis Connection Error: [39m
2026-02-26 14:55:14:5514 [31merror[39m: [31mRedis Connection Error: [39m
2026-02-26 14:55:14:5514 [31merror[39m: [31mRedis Connection Error: [39m
2026-02-26 14:55:14:5514 [31merror[39m: [31mRedis Connection Error: [39m
2026-02-26 14:55:15:5515 [31merror[39m: [31mRedis Connection Error: [39m
2026-02-26 14:55:15:5515 [31merror[39m: [31mRedis Connection Error: [39m
2026-02-26 14:55:15:5515 [31merror[39m: [31mRedis Connection Error: [39m
2026-02-26 14:55:15:5515 [31merror[39m: [31mRedis Connection Error: [39m
2026-02-26 14:55:16:5516 [31merror[39m: [31mRedis Connection Error: [39m
2026-02-26 14:55:16:5516 [31merror[39m: [31mRedis Connection Error: [39m
2026-02-26 14:55:17:5517 [31merror[39m: [31mRedis Connection Error: [39m
2026-02-26 14:55:17:5517 [31merror[39m: [31mRedis Connection Error: [39m
2026-02-26 14:55:18:5518 [31merror[39m: [31mRedis Connection Error: [39m
2026-02-26 14:55:18:5518 [31merror[39m: [31mRedis Connection Error: [39m
2026-02-26 14:55:19:5519 [31merror[39m: [31mRedis Connection Error: [39m
2026-02-26 14:55:20:5520 [31merror[39m: [31mRedis Connection Error: [39m
2026-02-26 14:55:20:5520 [31merror[39m: [31mRedis Connection Error: [39m
2026-02-26 14:55:21:5521 [31merror[39m: [31mRedis Connection Error: [39m
2026-02-26 14:55:22:5522 [31merror[39m: [31mRedis Connection Error: [39m
2026-02-26 14:55:23:5523 [31merror[39m: [31mRedis Connection Error: [39m
2026-02-26 14:55:24:5524 [31merror[39m: [31mRedis Connection Error: [39m
2026-02-26 14:55:25:5525 [31merror[39m: [31mRedis Connection Error: [39m
2026-02-26 14:55:26:5526 [31merror[39m: [31mRedis Connection Error: [39m
2026-02-26 14:55:27:5527 [31merror[39m: [31mRedis Connection Error: [39m
2026-02-26 14:55:28:5528 [31merror[39m: [31mRedis Connection Error: [39m
2026-02-26 14:55:29:5529 [31merror[39m: [31mRedis Connection Error: [39m
2026-02-26 14:55:31:5531 [31merror[39m: [31mRedis Connection Error: [39m
2026-02-26 14:55:32:5532 [31merror[39m: [31mRedis Connection Error: [39m
2026-02-26 14:55:33:5533 [31merror[39m: [31mRedis Connection Error: [39m
2026-02-26 14:55:34:5534 [31merror[39m: [31mRedis Connection Error: [39m
2026-02-26 14:55:34:5534 [31merror[39m: [31mRedis Connection Error: [39m
2026-02-26 14:55:34:5534 [31merror[39m: [31mRedis Connection Error: [39m
2026-02-26 14:55:34:5534 [31merror[39m: [31mRedis Connection Error: [39m
2026-02-26 14:55:35:5535 [31merror[39m: [31mRedis Connection Error: [39m
2026-02-26 14:55:35:5535 [31merror[39m: [31mRedis Connection Error: [39m
2026-02-26 14:55:35:5535 [31merror[39m: [31mRedis Connection Error: [39m
2026-02-26 14:55:35:5535 [31merror[39m: [31mRedis Connection Error: [39m
2026-02-26 14:55:36:5536 [31merror[39m: [31mRedis Connection Error: [39m
2026-02-26 14:55:36:5536 [31merror[39m: [31mRedis Connection Error: [39m
2026-02-26 14:55:36:5536 [31merror[39m: [31mRedis Connection Error: [39m
2026-02-26 14:55:36:5536 [31merror[39m: [31mRedis Connection Error: [39m
2026-02-26 14:55:37:5537 [31merror[39m: [31mRedis Connection Error: [39m
2026-02-26 14:55:38:5538 [31merror[39m: [31mRedis Connection Error: [39m
2026-02-26 14:55:38:5538 [31merror[39m: [31mRedis Connection Error: [39m
2026-02-26 14:55:38:5538 [31merror[39m: [31mRedis Connection Error: [39m
2026-02-26 14:55:39:5539 [31merror[39m: [31mRedis Connection Error: [39m
2026-02-26 14:55:39:5539 [31merror[39m: [31mRedis Connection Error: [39m
2026-02-26 14:55:40:5540 [31merror[39m: [31mRedis Connection Error: [39m
2026-02-26 14:55:40:5540 [31merror[39m: [31mRedis Connection Error: [39m
2026-02-26 14:55:41:5541 [31merror[39m: [31mRedis Connection Error: [39m
2026-02-26 14:55:41:5541 [31merror[39m: [31mRedis Connection Error: [39m
2026-02-26 14:55:42:5542 [31merror[39m: [31mRedis Connection Error: [39m
2026-02-26 14:55:43:5543 [31merror[39m: [31mRedis Connection Error: [39m
2026-02-26 14:55:43:5543 [31merror[39m: [31mRedis Connection Error: [39m
2026-02-26 14:55:44:5544 [31merror[39m: [31mRedis Connection Error: [39m
2026-02-26 14:55:44:5544 [31merror[39m: [31mRedis Connection Error: [39m
2026-02-26 14:55:45:5545 [31merror[39m: [31mRedis Connection Error: [39m
2026-02-26 14:55:46:5546 [31merror[39m: [31mRedis Connection Error: [39m
2026-02-26 14:55:46:5546 [31merror[39m: [31mRedis Connection Error: [39m
2026-02-26 14:55:47:5547 [31merror[39m: [31mRedis Connection Error: [39m
2026-02-26 14:55:48:5548 [31merror[39m: [31mRedis Connection Error: [39m
2026-02-26 14:55:48:5548 [31merror[39m: [31mRedis Connection Error: [39m
2026-02-26 14:55:49:5549 [31merror[39m: [31mRedis Connection Error: [39m
2026-02-26 14:55:50:5550 [31merror[39m: [31mRedis Connection Error: [39m
2026-02-26 14:55:51:5551 [31merror[39m: [31mRedis Connection Error: [39m
2026-02-26 14:55:52:5552 [31merror[39m: [31mRedis Connection Error: [39m
2026-02-26 14:55:52:5552 [31merror[39m: [31mRedis Connection Error: [39m
2026-02-26 14:55:53:5553 [31merror[39m: [31mRedis Connection Error: [39m
2026-02-26 14:55:54:5554 [31merror[39m: [31mRedis Connection Error: [39m
2026-02-26 14:55:55:5555 [31merror[39m: [31mRedis Connection Error: [39m
2026-02-26 14:55:56:5556 [31merror[39m: [31mRedis Connection Error: [39m
2026-02-26 14:55:56:5556 [31merror[39m: [31mRedis Connection Error: [39m
2026-02-26 14:55:58:5558 [31merror[39m: [31mRedis Connection Error: [39m
2026-02-26 14:55:58:5558 [31merror[39m: [31mRedis Connection Error: [39m
2026-02-26 14:55:59:5559 [31merror[39m: [31mRedis Connection Error: [39m
2026-02-26 14:56:00:560 [31merror[39m: [31mRedis Connection Error: [39m
2026-02-26 14:56:01:561 [31merror[39m: [31mRedis Connection Error: [39m
2026-02-26 14:56:02:562 [31merror[39m: [31mRedis Connection Error: [39m
2026-02-26 14:56:03:563 [31merror[39m: [31mRedis Connection Error: [39m
2026-02-26 14:56:04:564 [31merror[39m: [31mRedis Connection Error: [39m
2026-02-26 14:56:04:564 [31merror[39m: [31mRedis Connection Error: [39m
2026-02-26 14:56:06:566 [31merror[39m: [31mRedis Connection Error: [39m
2026-02-26 14:56:06:566 [31merror[39m: [31mRedis Connection Error: [39m
2026-02-26 14:56:08:568 [31merror[39m: [31mRedis Connection Error: [39m
2026-02-26 14:56:08:568 [31merror[39m: [31mRedis Connection Error: [39m
2026-02-26 14:56:10:5610 [31merror[39m: [31mRedis Connection Error: [39m
2026-02-26 14:56:10:5610 [31merror[39m: [31mRedis Connection Error: [39m
2026-02-26 14:56:12:5612 [31merror[39m: [31mRedis Connection Error: [39m
2026-02-26 14:56:12:5612 [31merror[39m: [31mRedis Connection Error: [39m
2026-02-26 14:56:14:5614 [31merror[39m: [31mRedis Connection Error: [39m
2026-02-26 14:56:14:5614 [31merror[39m: [31mRedis Connection Error: [39m
2026-02-26 14:56:16:5616 [31merror[39m: [31mRedis Connection Error: [39m
2026-02-26 14:56:16:5616 [31merror[39m: [31mRedis Connection Error: [39m
2026-02-26 14:56:18:5618 [31merror[39m: [31mRedis Connection Error: [39m
2026-02-26 14:56:18:5618 [31merror[39m: [31mRedis Connection Error: [39m
2026-02-26 14:56:20:5620 [31merror[39m: [31mRedis Connection Error: [39m
2026-02-26 14:56:20:5620 [31merror[39m: [31mRedis Connection Error: [39m
2026-02-26 14:56:22:5622 [31merror[39m: [31mRedis Connection Error: [39m
2026-02-26 14:56:22:5622 [31merror[39m: [31mRedis Connection Error: [39m
2026-02-26 14:56:24:5624 [31merror[39m: [31mRedis Connection Error: [39m
2026-02-26 14:56:24:5624 [31merror[39m: [31mRedis Connection Error: [39m
2026-02-26 14:56:25:5625 [31merror[39m: [31mReferenceError: errorResponse is not defined [39m
[31m ReferenceError: errorResponse is not defined[39m
[31m    at exports.getApplications (C:\vendor-management-system\backend\controllers\applicationController.js:239:9)[39m
[31m    at process.processTicksAndRejections (node:internal/process/task_queues:105:5)[39m
2026-02-26 14:56:25:5625 [31merror[39m: [31mReferenceError: errorResponse is not defined [39m
[31m ReferenceError: errorResponse is not defined[39m
[31m    at exports.getApplications (C:\vendor-management-system\backend\controllers\applicationController.js:239:9)[39m
[31m    at process.processTicksAndRejections (node:internal/process/task_queues:105:5)[39m
2026-02-26 14:56:26:5626 [31merror[39m: [31mRedis Connection Error: [39m
2026-02-26 14:56:26:5626 [31merror[39m: [31mRedis Connection Error: [39m
2026-02-26 14:56:28:5628 [31merror[39m: [31mRedis Connection Error: [39m
2026-02-26 14:56:28:5628 [31merror[39m: [31mRedis Connection Error: [39m
2026-02-26 14:56:30:5630 [31merror[39m: [31mRedis Connection Error: [39m
2026-02-26 14:56:30:5630 [31merror[39m: [31mRedis Connection Error: [39m
2026-02-26 14:56:32:5632 [31merror[39m: [31mRedis Connection Error: [39m
2026-02-26 14:56:32:5632 [31merror[39m: [31mRedis Connection Error: [39m
2026-02-26 14:56:34:5634 [31merror[39m: [31mRedis Connection Error: [39m
2026-02-26 14:56:34:5634 [31merror[39m: [31mRedis Connection Error: [39m
2026-02-26 14:56:36:5636 [31merror[39m: [31mRedis Connection Error: [39m
2026-02-26 14:56:36:5636 [31merror[39m: [31mRedis Connection Error: [39m
2026-02-26 14:56:38:5638 [31merror[39m: [31mRedis Connection Error: [39m
2026-02-26 14:56:38:5638 [31merror[39m: [31mRedis Connection Error: [39m
2026-02-26 14:56:40:5640 [31merror[39m: [31mRedis Connection Error: [39m
2026-02-26 14:56:40:5640 [31merror[39m: [31mRedis Connection Error: [39m
2026-02-26 14:56:42:5642 [31merror[39m: [31mRedis Connection Error: [39m
2026-02-26 14:56:42:5642 [31merror[39m: [31mRedis Connection Error: [39m
2026-02-26 14:56:44:5644 [31merror[39m: [31mRedis Connection Error: [39m
2026-02-26 14:56:44:5644 [31merror[39m: [31mRedis Connection Error: [39m
2026-02-26 14:56:46:5646 [31merror[39m: [31mRedis Connection Error: [39m
2026-02-26 14:56:46:5646 [31merror[39m: [31mRedis Connection Error: [39m
2026-02-26 14:56:48:5648 [31merror[39m: [31mRedis Connection Error: [39m
2026-02-26 14:56:48:5648 [31merror[39m: [31mRedis Connection Error: [39m
2026-02-26 14:56:50:5650 [31merror[39m: [31mRedis Connection Error: [39m
2026-02-26 14:56:50:5650 [31merror[39m: [31mRedis Connection Error: [39m
2026-02-26 14:56:52:5652 [31merror[39m: [31mRedis Connection Error: [39m
2026-02-26 14:56:52:5652 [31merror[39m: [31mRedis Connection Error: [39m
2026-02-26 14:56:54:5654 [31merror[39m: [31mRedis Connection Error: [39m
2026-02-26 14:56:54:5654 [31merror[39m: [31mRedis Connection Error: [39m
2026-02-26 14:56:56:5656 [31merror[39m: [31mRedis Connection Error: [39m
2026-02-26 14:56:56:5656 [31merror[39m: [31mRedis Connection Error: [39m
2026-02-26 14:56:58:5658 [31merror[39m: [31mRedis Connection Error: [39m
2026-02-26 14:56:58:5658 [31merror[39m: [31mRedis Connection Error: [39m
2026-02-26 14:57:00:570 [31merror[39m: [31mRedis Connection Error: [39m
2026-02-26 14:57:00:570 [31merror[39m: [31mRedis Connection Error: [39m
2026-02-26 14:57:02:572 [31merror[39m: [31mRedis Connection Error: [39m
2026-02-26 14:57:02:572 [31merror[39m: [31mRedis Connection Error: [39m
2026-02-26 14:57:04:574 [31merror[39m: [31mRedis Connection Error: [39m
2026-02-26 14:57:04:574 [31merror[39m: [31mRedis Connection Error: [39m
2026-02-26 14:57:06:576 [31merror[39m: [31mRedis Connection Error: [39m
2026-02-26 14:57:06:576 [31merror[39m: [31mRedis Connection Error: [39m
2026-02-26 14:57:08:578 [31merror[39m: [31mRedis Connection Error: [39m
2026-02-26 14:57:08:578 [31merror[39m: [31mRedis Connection Error: [39m
2026-02-26 14:57:10:5710 [31merror[39m: [31mRedis Connection Error: [39m
2026-02-26 14:57:10:5710 [31merror[39m: [31mRedis Connection Error: [39m
2026-02-26 14:57:12:5712 [31merror[39m: [31mRedis Connection Error: [39m
2026-02-26 14:57:12:5712 [31merror[39m: [31mRedis Connection Error: [39m
2026-02-26 14:57:14:5714 [31merror[39m: [31mRedis Connection Error: [39m
2026-02-26 14:57:14:5714 [31merror[39m: [31mRedis Connection Error: [39m
2026-02-26 14:57:16:5716 [31merror[39m: [31mRedis Connection Error: [39m
2026-02-26 14:57:16:5716 [31merror[39m: [31mRedis Connection Error: [39m
2026-02-26 14:57:18:5718 [31merror[39m: [31mRedis Connection Error: [39m
2026-02-26 14:57:18:5718 [31merror[39m: [31mRedis Connection Error: [39m
2026-02-26 14:57:20:5720 [31merror[39m: [31mRedis Connection Error: [39m
2026-02-26 14:57:20:5720 [31merror[39m: [31mRedis Connection Error: [39m
2026-02-26 14:57:22:5722 [31merror[39m: [31mRedis Connection Error: [39m
2026-02-26 14:57:22:5722 [31merror[39m: [31mRedis Connection Error: [39m
2026-02-26 14:57:24:5724 [31merror[39m: [31mRedis Connection Error: [39m
2026-02-26 14:57:24:5724 [31merror[39m: [31mRedis Connection Error: [39m
2026-02-26 14:57:26:5726 [31merror[39m: [31mRedis Connection Error: [39m
2026-02-26 14:57:26:5726 [31merror[39m: [31mRedis Connection Error: [39m
2026-02-26 14:57:28:5728 [31merror[39m: [31mRedis Connection Error: [39m
2026-02-26 14:57:28:5728 [31merror[39m: [31mRedis Connection Error: [39m
2026-02-26 14:57:30:5730 [31merror[39m: [31mRedis Connection Error: [39m
2026-02-26 14:57:31:5731 [31merror[39m: [31mRedis Connection Error: [39m
2026-02-26 14:57:32:5732 [31merror[39m: [31mRedis Connection Error: [39m
2026-02-26 14:57:33:5733 [31merror[39m: [31mRedis Connection Error: [39m
2026-02-26 14:57:34:5734 [31merror[39m: [31mRedis Connection Error: [39m
2026-02-26 14:57:35:5735 [31merror[39m: [31mRedis Connection Error: [39m
2026-02-26 14:57:36:5736 [31merror[39m: [31mRedis Connection Error: [39m
2026-02-26 14:57:37:5737 [31merror[39m: [31mRedis Connection Error: [39m
2026-02-26 14:57:38:5738 [31merror[39m: [31mRedis Connection Error: [39m
2026-02-26 14:57:39:5739 [31merror[39m: [31mRedis Connection Error: [39m
2026-02-26 14:57:40:5740 [31merror[39m: [31mRedis Connection Error: [39m
2026-02-26 14:57:41:5741 [31merror[39m: [31mRedis Connection Error: [39m
2026-02-26 14:57:42:5742 [31merror[39m: [31mRedis Connection Error: [39m
2026-02-26 14:57:43:5743 [31merror[39m: [31mRedis Connection Error: [39m
2026-02-26 14:57:44:5744 [31merror[39m: [31mRedis Connection Error: [39m
2026-02-26 14:57:45:5745 [31merror[39m: [31mRedis Connection Error: [39m
2026-02-26 14:57:46:5746 [31merror[39m: [31mRedis Connection Error: [39m
2026-02-26 14:57:47:5747 [31merror[39m: [31mRedis Connection Error: [39m
2026-02-26 14:57:48:5748 [31merror[39m: [31mRedis Connection Error: [39m
2026-02-26 14:57:49:5749 [31merror[39m: [31mRedis Connection Error: [39m
2026-02-26 14:57:50:5750 [31merror[39m: [31mRedis Connection Error: [39m
2026-02-26 14:57:51:5751 [31merror[39m: [31mRedis Connection Error: [39m
2026-02-26 14:57:52:5752 [31merror[39m: [31mRedis Connection Error: [39m
2026-02-26 14:57:53:5753 [31merror[39m: [31mRedis Connection Error: [39m
2026-02-26 14:57:55:5755 [31merror[39m: [31mRedis Connection Error: [39m
2026-02-26 14:57:55:5755 [31merror[39m: [31mRedis Connection Error: [39m
2026-02-26 14:57:57:5757 [31merror[39m: [31mRedis Connection Error: [39m
2026-02-26 14:57:57:5757 [31merror[39m: [31mRedis Connection Error: [39m
2026-02-26 14:57:59:5759 [31merror[39m: [31mRedis Connection Error: [39m
2026-02-26 14:57:59:5759 [31merror[39m: [31mRedis Connection Error: [39m
2026-02-26 14:58:01:581 [31merror[39m: [31mRedis Connection Error: [39m
2026-02-26 14:58:01:581 [31merror[39m: [31mRedis Connection Error: [39m
2026-02-26 14:58:03:583 [31merror[39m: [31mRedis Connection Error: [39m
2026-02-26 14:58:03:583 [31merror[39m: [31mRedis Connection Error: [39m
2026-02-26 14:58:05:585 [31merror[39m: [31mRedis Connection Error: [39m
2026-02-26 14:58:05:585 [31merror[39m: [31mRedis Connection Error: [39m
2026-02-26 14:58:07:587 [31merror[39m: [31mRedis Connection Error: [39m
2026-02-26 14:58:07:587 [31merror[39m: [31mRedis Connection Error: [39m
2026-02-26 14:58:09:589 [31merror[39m: [31mRedis Connection Error: [39m
2026-02-26 14:58:09:589 [31merror[39m: [31mRedis Connection Error: [39m
2026-02-26 14:58:11:5811 [31merror[39m: [31mRedis Connection Error: [39m
2026-02-26 14:58:11:5811 [31merror[39m: [31mRedis Connection Error: [39m
2026-02-26 14:58:13:5813 [31merror[39m: [31mRedis Connection Error: [39m
2026-02-26 14:58:13:5813 [31merror[39m: [31mRedis Connection Error: [39m
2026-02-26 14:58:15:5815 [31merror[39m: [31mRedis Connection Error: [39m
2026-02-26 14:58:15:5815 [31merror[39m: [31mRedis Connection Error: [39m
2026-02-26 14:58:17:5817 [31merror[39m: [31mRedis Connection Error: [39m
2026-02-26 14:58:17:5817 [31merror[39m: [31mRedis Connection Error: [39m
2026-02-26 14:58:19:5819 [31merror[39m: [31mRedis Connection Error: [39m
2026-02-26 14:58:19:5819 [31merror[39m: [31mRedis Connection Error: [39m
2026-02-26 14:58:21:5821 [31merror[39m: [31mRedis Connection Error: [39m
2026-02-26 14:58:21:5821 [31merror[39m: [31mRedis Connection Error: [39m
2026-02-26 15:00:38:038 [31merror[39m: [31mReferenceError: errorResponse is not defined [39m
[31m ReferenceError: errorResponse is not defined[39m
[31m    at exports.getApplications (C:\vendor-management-system\backend\controllers\applicationController.js:239:9)[39m
[31m    at process.processTicksAndRejections (node:internal/process/task_queues:105:5)[39m
2026-02-27 15:59:58:5958 [31merror[39m: [31mTypeError: next is not a function [39m
[31m TypeError: next is not a function[39m
[31m    at model.<anonymous> (C:\vendor-management-system\backend\models\VendorApplication.js:148:5)[39m
[31m    at Kareem.execPre (C:\vendor-management-system\backend\node_modules\kareem\index.js:68:39)[39m
[31m    at process.processTicksAndRejections (node:internal/process/task_queues:105:5)[39m
[31m    at async model.$__save (C:\vendor-management-system\backend\node_modules\mongoose\lib\model.js:371:5)[39m
[31m    at async model.save (C:\vendor-management-system\backend\node_modules\mongoose\lib\model.js:614:5)[39m
[31m    at async WorkflowService.approveStage (C:\vendor-management-system\backend\services\WorkflowService.js:45:9)[39m
[31m    at async exports.processApprovalStage (C:\vendor-management-system\backend\controllers\applicationController.js:306:13)[39m
2026-02-27 16:02:03:23 [31merror[39m: [31mTypeError: next is not a function [39m
[31m TypeError: next is not a function[39m
[31m    at model.<anonymous> (C:\vendor-management-system\backend\models\VendorApplication.js:148:5)[39m
[31m    at Kareem.execPre (C:\vendor-management-system\backend\node_modules\kareem\index.js:68:39)[39m
[31m    at process.processTicksAndRejections (node:internal/process/task_queues:105:5)[39m
[31m    at async model.$__save (C:\vendor-management-system\backend\node_modules\mongoose\lib\model.js:371:5)[39m
[31m    at async model.save (C:\vendor-management-system\backend\node_modules\mongoose\lib\model.js:614:5)[39m
[31m    at async WorkflowService.approveStage (C:\vendor-management-system\backend\services\WorkflowService.js:45:9)[39m
[31m    at async exports.processApprovalStage (C:\vendor-management-system\backend\controllers\applicationController.js:306:13)[39m
2026-02-27 16:06:01:61 [31merror[39m: [31mTypeError: next is not a function [39m
[31m TypeError: next is not a function[39m
[31m    at model.<anonymous> (C:\vendor-management-system\backend\models\VendorApplication.js:148:5)[39m
[31m    at Kareem.execPre (C:\vendor-management-system\backend\node_modules\kareem\index.js:68:39)[39m
[31m    at process.processTicksAndRejections (node:internal/process/task_queues:105:5)[39m
[31m    at async model.$__save (C:\vendor-management-system\backend\node_modules\mongoose\lib\model.js:371:5)[39m
[31m    at async model.save (C:\vendor-management-system\backend\node_modules\mongoose\lib\model.js:614:5)[39m
[31m    at async exports.processApprovalStage (C:\vendor-management-system\backend\controllers\applicationController.js:355:9)[39m
2026-03-02 11:11:25:1125 [31merror[39m: [31mDEBUG ERROR 🛠️: Invalid email or password[39m
